2023-07-26 18:19:17,808 [INFO] Activator:176 - 


2023-07-26 18:19:17,810 [INFO] Activator:177 - !SESSION log4j initialized
2023-07-26 18:19:19,764 [INFO] LogOutputStream:77 - [STDOUT_REDIRECT] 
2023-07-26 18:19:21,683 [INFO] ApplicationProperties:184 - Using Application install path: C:\ST\STM32CubeIDE_1.12.1\STM32CubeIDE\plugins\com.st.stm32cube.common.mx_6.9.0.202307051724
2023-07-26 18:19:21,699 [INFO] DbMcusXml:78 - Set database path to: C:\ST\STM32CubeIDE_1.12.1\STM32CubeIDE\plugins\com.st.stm32cube.common.mx_6.9.0.202307051724\\db\/mcu/
2023-07-26 18:19:21,700 [INFO] ApiDb:274 - Set plugin database path to: C:\ST\STM32CubeIDE_1.12.1\STM32CubeIDE\plugins\com.st.stm32cube.common.mx_6.9.0.202307051724\\db\/plugins/boardmanager/
2023-07-26 18:19:21,701 [WARN] ApiDb:259 - Overriding images path with different value:  => C:\ST\STM32CubeIDE_1.12.1\STM32CubeIDE\plugins\com.st.stm32cube.common.mx_6.9.0.202307051724\\db\/plugins/mcufinder/images/
2023-07-26 18:19:21,712 [INFO] ApiDb:250 - Set database path to: C:\Users\ipave\.stmcufinder\plugins\mcufinder//mcu/
2023-07-26 18:19:21,714 [INFO] DbMcusAds:125 - Set database path to: C:\Users\ipave\.stmcufinder\plugins\mcufinder//mcu/
2023-07-26 18:19:21,719 [INFO] CrossReferenceDbSqlite:203 - Set database path to: C:\Users\ipave\.stmcufinder\plugins\mcufinder//mcu/cs/
2023-07-26 18:19:21,803 [INFO] RulesReader:64 - Compatibility file has been processed (293 Rules)
2023-07-26 18:19:21,856 [INFO] DbMcusXml:78 - Set database path to: C:\ST\STM32CubeIDE_1.12.1\STM32CubeIDE\plugins\com.st.stm32cube.common.mx_6.9.0.202307051724\\db\/mcu/
2023-07-26 18:19:21,856 [INFO] ApiDb:274 - Set plugin database path to: C:\ST\STM32CubeIDE_1.12.1\STM32CubeIDE\plugins\com.st.stm32cube.common.mx_6.9.0.202307051724\\db\/plugins/boardmanager/
2023-07-26 18:19:21,856 [INFO] ApiDb:261 - Set plugin images path to: C:\ST\STM32CubeIDE_1.12.1\STM32CubeIDE\plugins\com.st.stm32cube.common.mx_6.9.0.202307051724\\db\/plugins/mcufinder/images/
2023-07-26 18:19:21,856 [WARN] DbFile:41 - Overriding database path with different value: C:\Users\ipave\.stmcufinder\plugins\mcufinder/ => C:\Users\ipave\.stmcufinder\plugins\mcufinder
2023-07-26 18:19:21,856 [INFO] ApiDb:250 - Set database path to: C:\Users\ipave\.stmcufinder\plugins\mcufinder//mcu/
2023-07-26 18:19:21,857 [WARN] DbFile:41 - Overriding database path with different value: C:\Users\ipave\.stmcufinder\plugins\mcufinder/ => C:\Users\ipave\.stmcufinder\plugins\mcufinder
2023-07-26 18:19:21,857 [INFO] DbMcusAds:125 - Set database path to: C:\Users\ipave\.stmcufinder\plugins\mcufinder//mcu/
2023-07-26 18:19:21,857 [WARN] DbFile:41 - Overriding database path with different value: C:\Users\ipave\.stmcufinder\plugins\mcufinder/ => C:\Users\ipave\.stmcufinder\plugins\mcufinder
2023-07-26 18:19:21,857 [WARN] DbFile:41 - Overriding database path with different value: C:\Users\ipave\.stmcufinder\plugins\mcufinder/ => C:\Users\ipave\.stmcufinder\plugins\mcufinder
2023-07-26 18:19:21,857 [INFO] CrossReferenceDbSqlite:203 - Set database path to: C:\Users\ipave\.stmcufinder\plugins\mcufinder//mcu/cs/
2023-07-26 18:19:21,906 [INFO] MainPanel:262 - HeapMemory: 268435456
2023-07-26 18:19:21,973 [INFO] DbMcusXml:78 - Set database path to: C:\ST\STM32CubeIDE_1.12.1\STM32CubeIDE\plugins\com.st.stm32cube.common.mx_6.9.0.202307051724\\db\/mcu/
2023-07-26 18:19:21,973 [INFO] ApiDb:274 - Set plugin database path to: C:\ST\STM32CubeIDE_1.12.1\STM32CubeIDE\plugins\com.st.stm32cube.common.mx_6.9.0.202307051724\\db\/plugins/boardmanager/
2023-07-26 18:19:21,973 [INFO] ApiDb:261 - Set plugin images path to: C:\ST\STM32CubeIDE_1.12.1\STM32CubeIDE\plugins\com.st.stm32cube.common.mx_6.9.0.202307051724\\db\/plugins/mcufinder/images/
2023-07-26 18:19:21,973 [WARN] DbFile:41 - Overriding database path with different value: C:\Users\ipave\.stmcufinder\plugins\mcufinder/ => C:\Users\ipave\.stmcufinder\plugins\mcufinder
2023-07-26 18:19:21,973 [INFO] ApiDb:250 - Set database path to: C:\Users\ipave\.stmcufinder\plugins\mcufinder//mcu/
2023-07-26 18:19:21,973 [WARN] DbFile:41 - Overriding database path with different value: C:\Users\ipave\.stmcufinder\plugins\mcufinder/ => C:\Users\ipave\.stmcufinder\plugins\mcufinder
2023-07-26 18:19:21,973 [INFO] DbMcusAds:125 - Set database path to: C:\Users\ipave\.stmcufinder\plugins\mcufinder//mcu/
2023-07-26 18:19:21,973 [WARN] DbFile:41 - Overriding database path with different value: C:\Users\ipave\.stmcufinder\plugins\mcufinder/ => C:\Users\ipave\.stmcufinder\plugins\mcufinder
2023-07-26 18:19:21,973 [WARN] DbFile:41 - Overriding database path with different value: C:\Users\ipave\.stmcufinder\plugins\mcufinder/ => C:\Users\ipave\.stmcufinder\plugins\mcufinder
2023-07-26 18:19:21,973 [INFO] CrossReferenceDbSqlite:203 - Set database path to: C:\Users\ipave\.stmcufinder\plugins\mcufinder//mcu/cs/
2023-07-26 18:19:21,985 [INFO] ApplicationProperties:184 - Using Application install path: C:\ST\STM32CubeIDE_1.12.1\STM32CubeIDE\plugins\com.st.stm32cube.common.mx_6.9.0.202307051724
2023-07-26 18:19:21,986 [INFO] PluginManage:196 - Search for loadable plugins [exclusion list=, ]
2023-07-26 18:19:21,987 [INFO] PluginManage:310 - Check plugin analytics
2023-07-26 18:19:22,101 [INFO] AnalyticsPlugin:253 - Accepted Software Licenses: STM32CubeMX.6.8.1
2023-07-26 18:19:22,101 [INFO] AnalyticsPlugin:255 - Accepted CMSIS Pack Licenses: 
2023-07-26 18:19:22,101 [INFO] AnalyticsPlugin:257 - Accepted Firmware Licenses: FW.F4.1.27.0
2023-07-26 18:19:22,104 [INFO] PluginManage:359 - Loaded plugin analytics (category:tool,tabindex:-1)
2023-07-26 18:19:22,104 [INFO] PluginManage:310 - Check plugin cadmodel
2023-07-26 18:19:22,108 [INFO] CADModel:105 - Init CAD model plugin
2023-07-26 18:19:22,109 [INFO] PluginManage:359 - Loaded plugin cadmodel (category:power,tabindex:5)
2023-07-26 18:19:22,109 [INFO] PluginManage:310 - Check plugin clock
2023-07-26 18:19:22,119 [INFO] PluginManage:359 - Loaded plugin clock (category:base,tabindex:2)
2023-07-26 18:19:22,120 [INFO] PluginManage:310 - Check plugin ddr
2023-07-26 18:19:22,123 [INFO] PluginManage:359 - Loaded plugin ddr (category:tool,tabindex:6)
2023-07-26 18:19:22,123 [INFO] PluginManage:310 - Check plugin filemanager
2023-07-26 18:19:22,233 [INFO] PluginManage:359 - Loaded plugin filemanager (category:base,tabindex:10)
2023-07-26 18:19:22,233 [INFO] PluginManage:310 - Check plugin ipmanager
2023-07-26 18:19:22,240 [INFO] PluginManage:359 - Loaded plugin ipmanager (category:base,tabindex:5)
2023-07-26 18:19:22,240 [INFO] PluginManage:310 - Check plugin lpbam
2023-07-26 18:19:22,249 [INFO] PluginManage:359 - Loaded plugin lpbam (category:base,tabindex:0)
2023-07-26 18:19:22,249 [INFO] PluginManage:310 - Check plugin memorymap
2023-07-26 18:19:22,257 [INFO] PluginManage:359 - Loaded plugin memorymap (category:base,tabindex:4)
2023-07-26 18:19:22,258 [INFO] PluginManage:310 - Check plugin pinoutandconfiguration
2023-07-26 18:19:22,262 [INFO] PluginManage:359 - Loaded plugin pinoutandconfiguration (category:base,tabindex:1)
2023-07-26 18:19:22,262 [INFO] PluginManage:310 - Check plugin pinoutconfig
2023-07-26 18:19:22,339 [WARN] SupportedApi:132 - Cannot load RTOS API schema: s4s-elt-must-match.1: The content of 'definitions' must match (annotation?, (simpleType | complexType)?, (unique | key | keyref)*)). A problem was found starting at: attribute.
2023-07-26 18:19:22,445 [INFO] PluginManage:359 - Loaded plugin pinoutconfig (category:base,tabindex:0)
2023-07-26 18:19:22,445 [INFO] PluginManage:310 - Check plugin power
2023-07-26 18:19:22,452 [INFO] PluginManage:359 - Loaded plugin power (category:power,tabindex:4)
2023-07-26 18:19:22,452 [INFO] PluginManage:310 - Check plugin projectmanager
2023-07-26 18:19:22,474 [INFO] PluginManage:359 - Loaded plugin projectmanager (category:projectmanager,tabindex:3)
2023-07-26 18:19:22,474 [INFO] PluginManage:310 - Check plugin thirdparty
2023-07-26 18:19:22,573 [INFO] PluginManage:359 - Loaded plugin thirdparty (category:base,tabindex:-1)
2023-07-26 18:19:22,573 [WARN] IntegrityCheckThread:84 - waiting for thirdparty lock release [integrity check]
2023-07-26 18:19:22,573 [INFO] PluginManage:310 - Check plugin tools
2023-07-26 18:19:22,574 [INFO] IntegrityCheckThread:86 - entering critical section [integrity check]
2023-07-26 18:19:22,574 [INFO] ThirdPartyUpdaterWithRetryManager:70 - Updater plugin not ready yet. [1/15]
2023-07-26 18:19:22,576 [INFO] PluginManage:359 - Loaded plugin tools (category:base,tabindex:7)
2023-07-26 18:19:22,576 [INFO] PluginManage:310 - Check plugin tutovideos
2023-07-26 18:19:22,674 [INFO] PluginManage:359 - Loaded plugin tutovideos (category:base,tabindex:-1)
2023-07-26 18:19:22,674 [INFO] PluginManage:310 - Check plugin updater
2023-07-26 18:19:22,682 [INFO] PluginManage:359 - Loaded plugin updater (category:base,tabindex:12)
2023-07-26 18:19:22,682 [INFO] PluginManage:310 - Check plugin userauth
2023-07-26 18:19:22,684 [INFO] UserAuth:113 - Init User Auth plugin
2023-07-26 18:19:22,684 [INFO] PluginManage:359 - Loaded plugin userauth (category:base,tabindex:14)
2023-07-26 18:19:22,685 [INFO] PluginManage:283 - PluginManage : Loaded plugins [17]
2023-07-26 18:19:22,825 [INFO] PinOutPanel:1499 - setPackage(No Configuration,No Configuration)
2023-07-26 18:19:22,891 [INFO] CADModel:165 - CPN selected for project level
2023-07-26 18:19:22,891 [INFO] CADModel:114 - Register for checkConnection events
2023-07-26 18:19:22,900 [INFO] IPUIPlugin:80 - create IPUIPlugin
2023-07-26 18:19:22,900 [INFO] PluginManager:220 - loadIPPluginJar : add adc
2023-07-26 18:19:22,901 [INFO] IPUIPlugin:80 - create IPUIPlugin
2023-07-26 18:19:22,901 [INFO] PluginManager:220 - loadIPPluginJar : add aes
2023-07-26 18:19:22,902 [INFO] IPUIPlugin:80 - create IPUIPlugin
2023-07-26 18:19:22,902 [INFO] PluginManager:220 - loadIPPluginJar : add can
2023-07-26 18:19:22,903 [INFO] IPUIPlugin:80 - create IPUIPlugin
2023-07-26 18:19:22,903 [INFO] PluginManager:220 - loadIPPluginJar : add comp
2023-07-26 18:19:22,904 [INFO] IPUIPlugin:80 - create IPUIPlugin
2023-07-26 18:19:22,904 [INFO] PluginManager:220 - loadIPPluginJar : add cryp
2023-07-26 18:19:22,906 [INFO] IPUIPlugin:80 - create IPUIPlugin
2023-07-26 18:19:22,906 [INFO] PluginManager:220 - loadIPPluginJar : add dfsdm
2023-07-26 18:19:22,909 [INFO] IPUIPlugin:80 - create IPUIPlugin
2023-07-26 18:19:22,909 [INFO] PluginManager:220 - loadIPPluginJar : add dma
2023-07-26 18:19:22,911 [INFO] IPUIPlugin:80 - create IPUIPlugin
2023-07-26 18:19:22,911 [INFO] PluginManager:220 - loadIPPluginJar : add dma3
2023-07-26 18:19:22,911 [INFO] IPUIPlugin:80 - create IPUIPlugin
2023-07-26 18:19:22,911 [INFO] PluginManager:220 - loadIPPluginJar : add fatfs
2023-07-26 18:19:22,914 [INFO] IPUIPlugin:80 - create IPUIPlugin
2023-07-26 18:19:22,914 [INFO] PluginManager:220 - loadIPPluginJar : add fmc
2023-07-26 18:19:22,917 [INFO] IPUIPlugin:80 - create IPUIPlugin
2023-07-26 18:19:22,917 [INFO] PluginManager:220 - loadIPPluginJar : add freertos
2023-07-26 18:19:22,918 [INFO] IPUIPlugin:80 - create IPUIPlugin
2023-07-26 18:19:22,919 [INFO] PluginManager:220 - loadIPPluginJar : add genericplugin
2023-07-26 18:19:22,920 [INFO] IPUIPlugin:80 - create IPUIPlugin
2023-07-26 18:19:22,920 [INFO] PluginManager:220 - loadIPPluginJar : add gfxmmu
2023-07-26 18:19:22,924 [INFO] IPUIPlugin:80 - create IPUIPlugin
2023-07-26 18:19:22,924 [INFO] PluginManager:220 - loadIPPluginJar : add gic
2023-07-26 18:19:22,928 [INFO] IPUIPlugin:80 - create IPUIPlugin
2023-07-26 18:19:22,928 [INFO] PluginManager:220 - loadIPPluginJar : add gpio
2023-07-26 18:19:22,930 [INFO] IPUIPlugin:80 - create IPUIPlugin
2023-07-26 18:19:22,931 [INFO] PluginManager:220 - loadIPPluginJar : add gtzc
2023-07-26 18:19:22,932 [INFO] IPUIPlugin:80 - create IPUIPlugin
2023-07-26 18:19:22,932 [INFO] PluginManager:220 - loadIPPluginJar : add hash
2023-07-26 18:19:22,933 [INFO] IPUIPlugin:80 - create IPUIPlugin
2023-07-26 18:19:22,933 [INFO] PluginManager:220 - loadIPPluginJar : add i2c
2023-07-26 18:19:22,934 [INFO] IPUIPlugin:80 - create IPUIPlugin
2023-07-26 18:19:22,934 [INFO] PluginManager:220 - loadIPPluginJar : add i2s
2023-07-26 18:19:22,935 [INFO] IPUIPlugin:80 - create IPUIPlugin
2023-07-26 18:19:22,935 [INFO] PluginManager:220 - loadIPPluginJar : add i3c
2023-07-26 18:19:22,937 [INFO] IPUIPlugin:80 - create IPUIPlugin
2023-07-26 18:19:22,937 [INFO] PluginManager:220 - loadIPPluginJar : add ipddr
2023-07-26 18:19:22,940 [INFO] IPUIPlugin:80 - create IPUIPlugin
2023-07-26 18:19:22,940 [INFO] PluginManager:220 - loadIPPluginJar : add linkedlist
2023-07-26 18:19:22,943 [INFO] IPUIPlugin:80 - create IPUIPlugin
2023-07-26 18:19:22,943 [INFO] PluginManager:220 - loadIPPluginJar : add lorawan
2023-07-26 18:19:22,944 [INFO] IPUIPlugin:80 - create IPUIPlugin
2023-07-26 18:19:22,944 [INFO] PluginManager:220 - loadIPPluginJar : add ltdc
2023-07-26 18:19:22,947 [INFO] IPUIPlugin:80 - create IPUIPlugin
2023-07-26 18:19:22,948 [INFO] PluginManager:220 - loadIPPluginJar : add mdma
2023-07-26 18:19:22,955 [INFO] IPUIPlugin:80 - create IPUIPlugin
2023-07-26 18:19:22,956 [INFO] PluginManager:220 - loadIPPluginJar : add nvic
2023-07-26 18:19:22,960 [INFO] IPUIPlugin:80 - create IPUIPlugin
2023-07-26 18:19:22,960 [INFO] PluginManager:220 - loadIPPluginJar : add opamp
2023-07-26 18:19:22,963 [INFO] IPUIPlugin:80 - create IPUIPlugin
2023-07-26 18:19:22,963 [INFO] PluginManager:220 - loadIPPluginJar : add openamp
2023-07-26 18:19:22,964 [INFO] IPUIPlugin:80 - create IPUIPlugin
2023-07-26 18:19:22,965 [INFO] PluginManager:220 - loadIPPluginJar : add pdm2pcm
2023-07-26 18:19:22,967 [INFO] IPUIPlugin:80 - create IPUIPlugin
2023-07-26 18:19:22,970 [INFO] PluginManager:220 - loadIPPluginJar : add plateformsettings
2023-07-26 18:19:22,971 [INFO] IPUIPlugin:80 - create IPUIPlugin
2023-07-26 18:19:22,971 [INFO] PluginManager:220 - loadIPPluginJar : add quadspi
2023-07-26 18:19:22,973 [INFO] IPUIPlugin:80 - create IPUIPlugin
2023-07-26 18:19:22,973 [INFO] PluginManager:220 - loadIPPluginJar : add resmgrutility
2023-07-26 18:19:22,975 [INFO] IPUIPlugin:80 - create IPUIPlugin
2023-07-26 18:19:22,975 [INFO] PluginManager:220 - loadIPPluginJar : add sai
2023-07-26 18:19:22,976 [INFO] IPUIPlugin:80 - create IPUIPlugin
2023-07-26 18:19:22,976 [INFO] PluginManager:220 - loadIPPluginJar : add spi
2023-07-26 18:19:22,981 [INFO] IPUIPlugin:80 - create IPUIPlugin
2023-07-26 18:19:22,981 [INFO] PluginManager:220 - loadIPPluginJar : add stm32_wpan
2023-07-26 18:19:22,983 [INFO] IPUIPlugin:80 - create IPUIPlugin
2023-07-26 18:19:22,983 [INFO] PluginManager:220 - loadIPPluginJar : add tim
2023-07-26 18:19:22,985 [INFO] IPUIPlugin:80 - create IPUIPlugin
2023-07-26 18:19:22,985 [INFO] PluginManager:220 - loadIPPluginJar : add touchsensing
2023-07-26 18:19:22,986 [INFO] IPUIPlugin:80 - create IPUIPlugin
2023-07-26 18:19:22,986 [INFO] PluginManager:220 - loadIPPluginJar : add tracer_emb
2023-07-26 18:19:22,988 [INFO] IPUIPlugin:80 - create IPUIPlugin
2023-07-26 18:19:22,988 [INFO] PluginManager:220 - loadIPPluginJar : add ts
2023-07-26 18:19:22,990 [INFO] IPUIPlugin:80 - create IPUIPlugin
2023-07-26 18:19:22,990 [INFO] PluginManager:220 - loadIPPluginJar : add tsc
2023-07-26 18:19:22,991 [INFO] IPUIPlugin:80 - create IPUIPlugin
2023-07-26 18:19:22,991 [INFO] PluginManager:220 - loadIPPluginJar : add ucpd
2023-07-26 18:19:22,993 [INFO] IPUIPlugin:80 - create IPUIPlugin
2023-07-26 18:19:22,993 [INFO] PluginManager:220 - loadIPPluginJar : add usart
2023-07-26 18:19:22,995 [INFO] IPUIPlugin:80 - create IPUIPlugin
2023-07-26 18:19:22,995 [INFO] PluginManager:220 - loadIPPluginJar : add usbx
2023-07-26 18:19:23,104 [INFO] CADModel:165 - CPN selected for project level
2023-07-26 18:19:23,104 [INFO] CADModel:114 - Register for checkConnection events
2023-07-26 18:19:23,104 [FATAL] Updater:308 - Updater called before beeing initialized
2023-07-26 18:19:23,104 [ERROR] CADModel:125 - Updater not yet initialized, retry later 
2023-07-26 18:19:23,192 [INFO] CADModel:165 - CPN selected for project level
2023-07-26 18:19:23,192 [INFO] CADModel:114 - Register for checkConnection events
2023-07-26 18:19:23,192 [FATAL] Updater:308 - Updater called before beeing initialized
2023-07-26 18:19:23,192 [ERROR] CADModel:125 - Updater not yet initialized, retry later 
2023-07-26 18:19:23,195 [FATAL] Updater:308 - Updater called before beeing initialized
2023-07-26 18:19:23,272 [FATAL] Updater:308 - Updater called before beeing initialized
2023-07-26 18:19:23,275 [INFO] DbMcusAds:53 - JSON generation date=Tue Mar 07 05:50:55 ART 2023 (1678179055114)
2023-07-26 18:19:23,275 [FATAL] Updater:308 - Updater called before beeing initialized
2023-07-26 18:19:23,298 [WARN] DetailPanel:346 - Failed to get advertising image, set to default
2023-07-26 18:19:23,361 [FATAL] Updater:308 - Updater called before beeing initialized
2023-07-26 18:19:23,363 [FATAL] Updater:308 - Updater called before beeing initialized
2023-07-26 18:19:23,363 [FATAL] Updater:308 - Updater called before beeing initialized
2023-07-26 18:19:23,363 [WARN] DetailPanel:346 - Failed to get advertising image, set to default
2023-07-26 18:19:23,365 [FATAL] Updater:308 - Updater called before beeing initialized
2023-07-26 18:19:23,394 [ERROR] Updater:1120 - MainUpdater not yet initialized. External WinMGr cannot be set.
2023-07-26 18:19:23,396 [INFO] Updater:1056 - Updater Version found : 6.9.0
2023-07-26 18:19:23,411 [INFO] ApplicationProperties:184 - Using Application install path: C:\ST\STM32CubeIDE_1.12.1\STM32CubeIDE\plugins\com.st.stm32cube.common.mx_6.9.0.202307051724
2023-07-26 18:19:24,061 [INFO] MainUpdater:2868 - connection check result : 10
2023-07-26 18:19:24,063 [INFO] MainUpdater:285 - Updater Check For Update Now.
2023-07-26 18:19:24,063 [INFO] MicroXplorer:498 - Change Database Version : DB.6.0.90
2023-07-26 18:19:24,067 [INFO] McuFinderGlobals:63 - Set McuFinder mode to 2 (CubeIDE integrated)
2023-07-26 18:19:24,067 [INFO] UserAuth:179 - activating auth plugin
2023-07-26 18:19:24,070 [INFO] UserAuth:393 - Internet connection configuration mode: 1
2023-07-26 18:19:24,088 [INFO] JxBrowserEngine:151 - Initiate JxBrowser Engine with user profile folder
2023-07-26 18:19:24,225 [INFO] CheckServerUpdateThread:120 - End of CheckServer Thread
2023-07-26 18:19:24,538 [INFO] WebApp:157 - Instantiating new browser for Auth
2023-07-26 18:19:24,893 [INFO] WebApp:753 - Register for checkConnection events
2023-07-26 18:19:24,893 [INFO] WebApp:390 - Apply proxy settings
2023-07-26 18:19:24,893 [INFO] WebApp:475 - Chromium requires no authentication
2023-07-26 18:19:24,897 [INFO] WebApp:418 - Direct internet connection detected
2023-07-26 18:19:24,989 [INFO] WebApp:188 - Starting web application
2023-07-26 18:19:24,990 [INFO] WebApp:520 - Web application path used C:\ST\STM32CubeIDE_1.12.1\STM32CubeIDE\plugins\com.st.stm32cube.common.mx_6.9.0.202307051724\db\plugins\mcufinder\reactClient1\index.html
2023-07-26 18:19:25,655 [WARN] PackLoader:240 - Cannot read IP mode file for STMicroelectronics.X-CUBE-SMBUS.2.1.0
2023-07-26 18:19:25,684 [WARN] PackLoader:240 - Cannot read IP mode file for STMicroelectronics.X-CUBE-AZRTOS-F7.1.1.0
2023-07-26 18:19:25,693 [ERROR] RealEvaluatedCondition:428 - Found unsupported composite condition: CLASS='Data Exchange' GROUP='STM32_MetaDataManager'
2023-07-26 18:19:25,694 [ERROR] RealEvaluatedCondition:428 - Found unsupported composite condition: GROUP='STM32_MetaDataManager' CLASS='Data Exchange'
2023-07-26 18:19:25,696 [WARN] PackLoader:240 - Cannot read IP mode file for STMicroelectronics.FP-SNS-MOTENV1.4.3.0
2023-07-26 18:19:25,706 [WARN] PackLoader:240 - Cannot read IP mode file for STMicroelectronics.FP-SNS-MOTENV1.4.3.2
2023-07-26 18:19:25,711 [WARN] PackLoader:240 - Cannot read IP mode file for STMicroelectronics.FP-SNS-FLIGHT1.5.0.0
2023-07-26 18:19:25,715 [ERROR] RealEvaluatedCondition:428 - Found unsupported composite condition: CLASS='Data Exchange' GROUP='STM32_MetaDataManager'
2023-07-26 18:19:25,715 [ERROR] RealEvaluatedCondition:428 - Found unsupported composite condition: CLASS='Data Exchange' GROUP='STM32_MetaDataManager'
2023-07-26 18:19:25,717 [WARN] PackLoader:240 - Cannot read IP mode file for STMicroelectronics.FP-SNS-MOTENV1.4.3.1
2023-07-26 18:19:25,723 [WARN] PackLoader:240 - Cannot read IP mode file for STMicroelectronics.FP-SNS-FLIGHT1.5.0.1
2023-07-26 18:19:25,736 [WARN] PackLoader:240 - Cannot read IP mode file for STMicroelectronics.X-CUBE-BLE1.6.2.4
2023-07-26 18:19:25,744 [WARN] PackLoader:240 - Cannot read IP mode file for STMicroelectronics.FP-SNS-FLIGHT1.5.0.2
2023-07-26 18:19:25,755 [WARN] PackLoader:240 - Cannot read IP mode file for STMicroelectronics.X-CUBE-DISPLAY.3.0.0
2023-07-26 18:19:25,769 [WARN] PackLoader:240 - Cannot read IP mode file for STMicroelectronics.X-CUBE-TOUCHGFX.4.22.0
2023-07-26 18:19:25,779 [INFO] LogOutputStream:77 - [STDOUT_REDIRECT] 1 : Invalid condition id : UX_CORESTACK_Condition cause : null
2023-07-26 18:19:25,779 [INFO] LogOutputStream:77 - [STDOUT_REDIRECT] 1 : Invalid condition id : UX_CORESTACK_Condition cause : null
2023-07-26 18:19:25,780 [INFO] LogOutputStream:77 - [STDOUT_REDIRECT] 1 : Invalid condition id : UX_CORESTACK_Condition cause : null
2023-07-26 18:19:25,781 [INFO] LogOutputStream:77 - [STDOUT_REDIRECT] 1 : Invalid condition id : UX_CORESTACK_Condition cause : null
2023-07-26 18:19:25,782 [INFO] LogOutputStream:77 - [STDOUT_REDIRECT] 1 : Invalid condition id : UX_CORESTACK_Condition cause : null
2023-07-26 18:19:25,792 [WARN] PackLoader:240 - Cannot read IP mode file for STMicroelectronics.X-CUBE-AZRTOS-WL.2.0.0
2023-07-26 18:19:25,806 [WARN] PackLoader:240 - Cannot read IP mode file for WES.I-CUBE-Cesium.1.3.0
2023-07-26 18:19:25,812 [WARN] PackLoader:240 - Cannot read IP mode file for STMicroelectronics.X-CUBE-BLE2.3.3.0
2023-07-26 18:19:25,814 [WARN] PackLoader:240 - Cannot read IP mode file for STMicroelectronics.X-CUBE-TOUCHGFX.4.21.4
2023-07-26 18:19:25,819 [WARN] PackLoader:240 - Cannot read IP mode file for STMicroelectronics.X-CUBE-ALGOBUILD.1.3.0
2023-07-26 18:19:25,832 [WARN] PackLoader:240 - Cannot read IP mode file for STMicroelectronics.X-CUBE-AZRTOS-G0.1.1.0
2023-07-26 18:19:25,839 [WARN] PackLoader:240 - Cannot read IP mode file for STMicroelectronics.X-CUBE-NFC4.3.0.0
2023-07-26 18:19:25,846 [WARN] PackLoader:240 - Cannot read IP mode file for STMicroelectronics.FP-ATR-SIGFOX1.3.2.0
2023-07-26 18:19:25,871 [WARN] PackLoader:240 - Cannot read IP mode file for SEGGER.I-CUBE-embOS.1.3.1
2023-07-26 18:19:25,904 [WARN] PackLoader:240 - Cannot read IP mode file for STMicroelectronics.X-CUBE-GNSS1.6.0.0
2023-07-26 18:19:25,918 [WARN] PackLoader:240 - Cannot read IP mode file for STMicroelectronics.X-CUBE-AZRTOS-F4.1.1.0
2023-07-26 18:19:25,926 [WARN] PackLoader:240 - Cannot read IP mode file for wolfSSL.I-CUBE-wolfSSL.5.6.0
2023-07-26 18:19:25,965 [WARN] PackLoader:240 - Cannot read IP mode file for STMicroelectronics.X-CUBE-MEMS1.9.6.0
2023-07-26 18:19:26,075 [WARN] PackLoader:240 - Cannot read IP mode file for emotas.I-CUBE-CANOPEN.1.1.3
2023-07-26 18:19:26,085 [WARN] PackLoader:240 - Cannot read IP mode file for STMicroelectronics.X-CUBE-BLEMGR.2.0.0
2023-07-26 18:19:26,104 [WARN] ConditionMgr:438 - getConditionDescription Invalid condition id : UX DEVICE CLASS RTOS Condition cause : null
2023-07-26 18:19:26,104 [WARN] ConditionMgr:438 - getConditionDescription Invalid condition id : UX DEVICE CLASS RTOS Condition cause : null
2023-07-26 18:19:26,107 [WARN] PackLoader:240 - Cannot read IP mode file for STMicroelectronics.X-CUBE-AZRTOS-H7.3.1.0
2023-07-26 18:19:26,108 [WARN] ConditionMgr:1039 - genDependencies : Invalid condition id : UX DEVICE CLASS RTOS Condition cause : null
2023-07-26 18:19:26,108 [WARN] ConditionMgr:1039 - genDependencies : Invalid condition id : UX DEVICE CLASS RTOS Condition cause : null
2023-07-26 18:19:26,109 [WARN] ConditionMgr:1039 - genDependencies : Invalid condition id : UX DEVICE CLASS RTOS Condition cause : null
2023-07-26 18:19:26,109 [WARN] ConditionMgr:1039 - genDependencies : Invalid condition id : UX DEVICE CLASS RTOS Condition cause : null
2023-07-26 18:19:26,110 [WARN] ConditionMgr:1039 - genDependencies : Invalid condition id : UX DEVICE CLASS RTOS Condition cause : null
2023-07-26 18:19:26,123 [WARN] PackLoader:240 - Cannot read IP mode file for STMicroelectronics.X-CUBE-NFC7.1.0.1
2023-07-26 18:19:26,130 [WARN] PackLoader:240 - Cannot read IP mode file for STMicroelectronics.X-CUBE-NFC7.1.0.0
2023-07-26 18:19:26,139 [WARN] PackLoader:240 - Cannot read IP mode file for STMicroelectronics.X-CUBE-EEPRMA1.4.1.0
2023-07-26 18:19:26,159 [WARN] ConditionMgr:438 - getConditionDescription Invalid condition id : LAN8742 Phy interface Condition cause : null
2023-07-26 18:19:26,160 [WARN] PackLoader:240 - Cannot read IP mode file for STMicroelectronics.X-CUBE-AZRTOS-L4.2.0.0
2023-07-26 18:19:26,162 [WARN] ConditionMgr:1039 - genDependencies : Invalid condition id : LAN8742 Phy interface Condition cause : null
2023-07-26 18:19:26,162 [WARN] ConditionMgr:1039 - genDependencies : Invalid condition id : LAN8742 Phy interface Condition cause : null
2023-07-26 18:19:26,162 [WARN] ConditionMgr:1039 - genDependencies : Invalid condition id : LAN8742 Phy interface Condition cause : null
2023-07-26 18:19:26,173 [WARN] PackLoader:240 - Cannot read IP mode file for STMicroelectronics.X-CUBE-SFXS2LP1.4.0.0
2023-07-26 18:19:26,181 [WARN] PackLoader:240 - Cannot read IP mode file for STMicroelectronics.X-CUBE-ISPU.1.1.0
2023-07-26 18:19:26,206 [WARN] PackLoader:240 - Cannot read IP mode file for STMicroelectronics.X-CUBE-FREERTOS.1.0.1
2023-07-26 18:19:26,219 [WARN] PackLoader:240 - Cannot read IP mode file for STMicroelectronics.X-CUBE-AZRTOS-L5.1.1.0
2023-07-26 18:19:26,228 [WARN] PackLoader:240 - Cannot read IP mode file for STMicroelectronics.X-CUBE-AI.8.0.1
2023-07-26 18:19:26,240 [WARN] PackLoader:240 - Cannot read IP mode file for STMicroelectronics.X-CUBE-SUBG2.5.0.0
2023-07-26 18:19:26,261 [WARN] PackLoader:240 - Cannot read IP mode file for STMicroelectronics.X-CUBE-TOF1.3.3.1
2023-07-26 18:19:26,282 [WARN] PackLoader:240 - Cannot read IP mode file for STMicroelectronics.X-CUBE-AZRTOS-G4.2.0.0
2023-07-26 18:19:26,294 [WARN] PackLoader:240 - Cannot read IP mode file for STMicroelectronics.X-CUBE-TOF1.3.3.0
2023-07-26 18:19:26,315 [WARN] PackLoader:240 - Cannot read IP mode file for STMicroelectronics.X-CUBE-AZRTOS-L4.1.0.0
2023-07-26 18:19:26,328 [WARN] PackLoader:240 - Cannot read IP mode file for STMicroelectronics.X-CUBE-AZRTOS-WL.1.0.0
2023-07-26 18:19:26,335 [WARN] PackLoader:240 - Cannot read IP mode file for portGmbH.I-Cube-SoM-uGOAL.1.1.0
2023-07-26 18:19:26,341 [WARN] PackLoader:240 - Cannot read IP mode file for STMicroelectronics.X-CUBE-ALS.1.0.1
2023-07-26 18:19:26,351 [WARN] PackLoader:240 - Cannot read IP mode file for STMicroelectronics.X-CUBE-AZRTOS-WB.1.1.0
2023-07-26 18:19:26,359 [WARN] PackLoader:240 - Cannot read IP mode file for STMicroelectronics.FP-ATR-ASTRA1.2.0.0
2023-07-26 18:19:26,360 [INFO] ThirdParty:978 - Integrity check success = true
2023-07-26 18:19:26,360 [INFO] IntegrityCheckThread:100 - exiting critical section [integrity check]
2023-07-26 18:19:26,360 [INFO] IntegrityCheckThread:103 - End integrity checks thread
2023-07-26 18:19:27,310 [INFO] McuFinderGlobals:63 - Set McuFinder mode to 2 (CubeIDE integrated)
2023-07-26 18:19:27,312 [INFO] MainUpdater:2868 - connection check result : 10
2023-07-26 18:19:27,547 [INFO] ApiDb:581 - Connected to CubeFinder SQLite database (C:\Users\ipave\.stmcufinder\plugins\mcufinder\mcu\cube-finder-db.db)
2023-07-26 18:19:27,585 [INFO] ApiDb:668 - CubeFinder database Data Model version=2.1
2023-07-26 18:19:27,585 [INFO] ApiDb:669 - CubeFinder database Configuration version=3.0.37
2023-07-26 18:19:27,585 [INFO] ApiDb:670 - CubeFinder database generation date=2023-06-26 (1687786131)
2023-07-26 18:19:27,585 [INFO] ApiDb:671 - CubeFinder database FW Pack versions=[FP-ATR-ASTRA1_V2.0.0, FP-SNS-FLIGHT1_V5.0.1, FP-SNS-MOTENV1_V4.3.1, STM32Cube_FW_C0_V1.1.0, STM32Cube_FW_F4_V1.27.1, STM32Cube_FW_F7_V1.17.0, STM32Cube_FW_G0_V1.6.1, STM32Cube_FW_G4_V1.5.1, STM32Cube_FW_H5_V0.5.1, STM32Cube_FW_H5_V1.1.0, STM32Cube_FW_H7_V1.11.0, STM32Cube_FW_L0_V1.12.2, STM32Cube_FW_L5_V1.5.0, STM32Cube_FW_U5_V1.3.0, STM32Cube_FW_U5_V1.3.0RC4, STM32Cube_FW_WBA_V1.0.0RC1, STM32Cube_FW_WBA_V1.1.0, STM32Cube_FW_WBA_V1.1.0RC1, STM32Cube_FW_WB_V1.15.0RC1, STM32Cube_FW_WB_V1.16.0, STM32Cube_FW_WB_V1.16.0RC2, STM32Cube_FW_WB_V1.17.0, STM32Cube_FW_WL_V1.3.0, X-CUBE-ALGOBUILD_V1.3.0, X-CUBE-ALS_V1.0.1, X-CUBE-AZRTOS-F4_V1.1.0, X-CUBE-AZRTOS-F7_V1.1.0, X-CUBE-AZRTOS-G0_V1.1.0, X-CUBE-AZRTOS-G4_V2.0.0, X-CUBE-AZRTOS-H7_V3.1.0, X-CUBE-AZRTOS-L4_V1.0.0, X-CUBE-AZRTOS-L4_V2.0.0, X-CUBE-AZRTOS-L5_V1.1.0, X-CUBE-AZRTOS-WB_V1.1.0, X-CUBE-AZRTOS-WL_V2.0.0, X-CUBE-BLE1_V6.2.4, X-CUBE-BLE2_V3.3.0, X-CUBE-BLEMGR_V2.0.0, X-CUBE-EEPRMA1_V4.1.0, X-CUBE-FREERTOS_V1.0.1, X-CUBE-GNSS1_V6.0.0, X-CUBE-MEMS1_V9.1.0, X-CUBE-MEMS1_V9.4.0, X-CUBE-MEMS1_V9.6.0, X-CUBE-NFC4_V3.0.0, X-CUBE-NFC7_V1.0.0, X-CUBE-SFXS2LP1_V4.0.0, X-CUBE-SUBG2_V5.0.0]
2023-07-26 18:19:27,632 [INFO] DbBoardsSqlite:226 - include board P-NUCLEO-WB55-NUCLEO as a kit item of type 'Nucleo-64'
2023-07-26 18:19:27,633 [INFO] DbBoardsSqlite:226 - include board P-NUCLEO-WB55-USBDONGLE as a kit item of type 'Nucleo USB Dongle'
2023-07-26 18:19:27,633 [INFO] DbBoardsSqlite:226 - include board STEVAL-IDP005V1 as a kit item of type 'Evaluation Board'
2023-07-26 18:19:27,633 [INFO] DbBoardsSqlite:226 - include board STEVAL-IDP005V2 as a kit item of type 'Evaluation Board'
2023-07-26 18:19:27,671 [INFO] ApiDb:240 - Found 323 in-development CPN: [B-G473E-ZEST1S, B-WB1M-WPAN1, B-WL5M-SUBG1, NUCLEO-C031C6, NUCLEO-H503RB, NUCLEO-H563ZI, NUCLEO-U545RE-Q, NUCLEO-U5A5ZJ-Q, NUCLEO-WBA52CG, STEVAL-PROTEUS1, STEVAL-SMARTAG2, STEVAL-STWINBX1, STM320518-EVAL, STM32C0116-DK, STM32C011D6Y3TR, STM32C011D6Y6TR, STM32C011F4P3, STM32C011F4P6, STM32C011F4U3, STM32C011F4U6TR, STM32C011F6P3, STM32C011F6P6, STM32C011F6U3, STM32C011F6U6TR, STM32C011J4M3, STM32C011J4M6, STM32C011J6M3, STM32C011J6M6, STM32C0316-DK, STM32C031C4T3, STM32C031C4T6, STM32C031C4U3, STM32C031C4U6, STM32C031C6T3, STM32C031C6T6, STM32C031C6U3, STM32C031C6U6, STM32C031F4P3, STM32C031F4P6, STM32C031F6P3, STM32C031F6P6, STM32C031G4U3, STM32C031G4U6, STM32C031G6U3, STM32C031G6U6, STM32C031K4T3, STM32C031K4T6, STM32C031K4U3, STM32C031K4U6, STM32C031K6T3, STM32C031K6T6, STM32C031K6U3, STM32C031K6U6, STM32G071K8TXN, STM32G071K8UXN, STM32G081GBU6N, STM32G081KBT6N, STM32G081KBUXN, STM32G0B1CCT6N, STM32G0B1KCT6, STM32G0B1NEY6TR, STM32G0B1RCT6N, STM32G0C1CCT6, STM32G0C1CCT6N, STM32G0C1CCU6N, STM32G0C1CET6N, STM32G0C1CEU6N, STM32G0C1KCT6, STM32G0C1NEY6TR, STM32G0C1RCI6N, STM32G0C1RCT6N, STM32G0C1REI6N, STM32G0C1RET6N, STM32G0C1VCI6, STM32G0C1VEI6, STM32G471CCT6, STM32G471CCU6, STM32G471CET3, STM32G471CET6, STM32G471CEU3, STM32G471CEU6, STM32G471MCT6, STM32G471MET3, STM32G471MET6, STM32G471MEY6TR, STM32G471QCT6, STM32G471QET3, STM32G471RCT6, STM32G471RET3, STM32G471RET6, STM32G471VCH6, STM32G471VCI6, STM32G471VCT6, STM32G471VEH3, STM32G471VEH6, STM32G471VEI3, STM32G471VEI6, STM32G471VET3, STM32G471VET6, STM32G474CCT6, STM32H503CBT6, STM32H503CBU6, STM32H503EBY6TR, STM32H503KBU6, STM32H503RBT6, STM32H562AGI6, STM32H562AII6, STM32H562IGK6, STM32H562IGT6, STM32H562IIK6, STM32H562IIT6, STM32H562RGT6, STM32H562RGV6, STM32H562RIT6, STM32H562RIV6, STM32H562VGT6, STM32H562VIT6, STM32H562ZGT6, STM32H562ZIT6, STM32H563AGI6, STM32H563AII3Q, STM32H563AII6, STM32H563IGK6, STM32H563IGT6, STM32H563IIK3Q, STM32H563IIK6, STM32H563IIT3Q, STM32H563IIT6, STM32H563MIY3QTR, STM32H563RGT6, STM32H563RGV6, STM32H563RIT6, STM32H563RIV6, STM32H563VGT6, STM32H563VIT3Q, STM32H563VIT6, STM32H563ZGT6, STM32H563ZIT3Q, STM32H563ZIT6, STM32H573AII3Q, STM32H573AII6, STM32H573I-DK, STM32H573IIK3Q, STM32H573IIK6, STM32H573IIT3Q, STM32H573IIT6, STM32H573MIY3QTR, STM32H573RIT6, STM32H573RIV6, STM32H573VIT3Q, STM32H573VIT6, STM32H573ZIT3Q, STM32H573ZIT6, STM32L4R5QGI6STR, STM32MP131AAE3, STM32MP131AAF3, STM32MP131AAG3, STM32MP131CAE3, STM32MP131CAF3, STM32MP131CAG3, STM32MP131DAE7, STM32MP131DAF7, STM32MP131DAG7, STM32MP131FAE7, STM32MP131FAF7, STM32MP131FAG7, STM32MP133AAE3, STM32MP133AAF3, STM32MP133AAG3, STM32MP133CAE3, STM32MP133CAF3, STM32MP133CAG3, STM32MP133DAE7, STM32MP133DAF7, STM32MP133DAG7, STM32MP133FAE7, STM32MP133FAF7, STM32MP133FAG7, STM32MP135AAE3, STM32MP135AAF3, STM32MP135AAG3, STM32MP135CAE3, STM32MP135CAF3, STM32MP135CAG3, STM32MP135DAE7, STM32MP135DAF7, STM32MP135DAG7, STM32MP135F-DK, STM32MP135FAE7, STM32MP135FAF7, STM32MP135FAF7T, STM32MP135FAF7U, STM32MP135FAG7, STM32U535CBT6, STM32U535CBT6Q, STM32U535CBU6, STM32U535CBU6Q, STM32U535CCT6, STM32U535CCT6Q, STM32U535CCU6, STM32U535CCU6Q, STM32U535CET6, STM32U535CET6Q, STM32U535CEU6, STM32U535CEU6Q, STM32U535JEY6QTR, STM32U535NCY6QTR, STM32U535NEY6QTR, STM32U535RBI6, STM32U535RBI6Q, STM32U535RBT6, STM32U535RBT6Q, STM32U535RCI6, STM32U535RCI6Q, STM32U535RCT6, STM32U535RCT6Q, STM32U535REI6, STM32U535REI6Q, STM32U535RET6, STM32U535RET6Q, STM32U535VCI6, STM32U535VCI6Q, STM32U535VCT6, STM32U535VCT6Q, STM32U535VEI6, STM32U535VEI6Q, STM32U535VET6, STM32U535VET6Q, STM32U545CET6, STM32U545CET6Q, STM32U545CEU6, STM32U545CEU6Q, STM32U545JEY6QTR, STM32U545NEY6QTR, STM32U545REI6, STM32U545REI6Q, STM32U545RET6, STM32U545RET6Q, STM32U545VEI6, STM32U545VEI6Q, STM32U545VET6, STM32U545VET6Q, STM32U595AIH6, STM32U595AIH6Q, STM32U595AJH6, STM32U595AJH6Q, STM32U595QII6, STM32U595QII6Q, STM32U595QJI6, STM32U595QJI6Q, STM32U595RIT6, STM32U595RIT6Q, STM32U595RJT6, STM32U595RJT6Q, STM32U595VIT6, STM32U595VIT6Q, STM32U595VJT6, STM32U595VJT6Q, STM32U595ZIT6, STM32U595ZIT6Q, STM32U595ZIY6QTR, STM32U595ZJT6, STM32U595ZJT6Q, STM32U595ZJY6QTR, STM32U599BJY6QTR, STM32U599NIH6Q, STM32U599NJH6Q, STM32U599VIT6Q, STM32U599VJT6, STM32U599VJT6Q, STM32U599ZIT6Q, STM32U599ZIY6QTR, STM32U599ZJT6Q, STM32U599ZJY6QTR, STM32U5A5AJH6, STM32U5A5AJH6Q, STM32U5A5QJI6, STM32U5A5QJI6Q, STM32U5A5RJT6, STM32U5A5RJT6Q, STM32U5A5VJT6, STM32U5A5VJT6Q, STM32U5A5ZJT6, STM32U5A5ZJT6Q, STM32U5A5ZJY6QTR, STM32U5A9BJY6QTR, STM32U5A9J-DK, STM32U5A9NJH6Q, STM32U5A9VJT6Q, STM32U5A9ZJT6Q, STM32U5A9ZJY6QTR, STM32U5F7VIT6, STM32U5F7VIT6Q, STM32U5F7VJT6, STM32U5F7VJT6Q, STM32U5F9BJY6QTR, STM32U5F9NJH6Q, STM32U5F9VIT6Q, STM32U5F9VJT6Q, STM32U5F9ZIJ6QTR, STM32U5F9ZIT6Q, STM32U5F9ZJJ6QTR, STM32U5F9ZJT6Q, STM32U5G7VJT6, STM32U5G7VJT6Q, STM32U5G9BJY6QTR, STM32U5G9J-DK1, STM32U5G9J-DK2, STM32U5G9NJH6Q, STM32U5G9VJT6Q, STM32U5G9ZJJ6QTR, STM32U5G9ZJT6Q, STM32WB1MMCH6, STM32WBA52CEU6, STM32WBA52CEU6T, STM32WBA52CGU6, STM32WBA52CGU6T, STM32WBA52KEU6, STM32WBA52KEU6T, STM32WBA52KGU6, STM32WBA52KGU6T, STM32WL5MOCH6, STM32WL5MOCH6TR]
2023-07-26 18:19:27,744 [INFO] BoardInfo:880 - No configuration file found for board P-NUCLEO-WB55
2023-07-26 18:19:27,745 [INFO] DbBoards:157 - Kit is not supported: P-NUCLEO-WB55
2023-07-26 18:19:27,749 [INFO] BoardInfo:880 - No configuration file found for board STEVAL-BFA001V1B
2023-07-26 18:19:27,749 [INFO] DbBoards:157 - Kit is not supported: STEVAL-BFA001V1B
2023-07-26 18:19:27,750 [INFO] BoardInfo:880 - No configuration file found for board STEVAL-BFA001V2B
2023-07-26 18:19:27,750 [INFO] DbBoards:157 - Kit is not supported: STEVAL-BFA001V2B
2023-07-26 18:19:27,816 [INFO] DbBoards:161 - Found 190 boards, 187 are supported
2023-07-26 18:19:27,819 [INFO] ApiDb:668 - CubeFinder database Data Model version=2.1
2023-07-26 18:19:27,819 [INFO] ApiDb:669 - CubeFinder database Configuration version=3.0.37
2023-07-26 18:19:27,819 [INFO] ApiDb:670 - CubeFinder database generation date=2023-06-26 (1687786131)
2023-07-26 18:19:27,819 [INFO] ApiDb:671 - CubeFinder database FW Pack versions=[FP-ATR-ASTRA1_V2.0.0, FP-SNS-FLIGHT1_V5.0.1, FP-SNS-MOTENV1_V4.3.1, STM32Cube_FW_C0_V1.1.0, STM32Cube_FW_F4_V1.27.1, STM32Cube_FW_F7_V1.17.0, STM32Cube_FW_G0_V1.6.1, STM32Cube_FW_G4_V1.5.1, STM32Cube_FW_H5_V0.5.1, STM32Cube_FW_H5_V1.1.0, STM32Cube_FW_H7_V1.11.0, STM32Cube_FW_L0_V1.12.2, STM32Cube_FW_L5_V1.5.0, STM32Cube_FW_U5_V1.3.0, STM32Cube_FW_U5_V1.3.0RC4, STM32Cube_FW_WBA_V1.0.0RC1, STM32Cube_FW_WBA_V1.1.0, STM32Cube_FW_WBA_V1.1.0RC1, STM32Cube_FW_WB_V1.15.0RC1, STM32Cube_FW_WB_V1.16.0, STM32Cube_FW_WB_V1.16.0RC2, STM32Cube_FW_WB_V1.17.0, STM32Cube_FW_WL_V1.3.0, X-CUBE-ALGOBUILD_V1.3.0, X-CUBE-ALS_V1.0.1, X-CUBE-AZRTOS-F4_V1.1.0, X-CUBE-AZRTOS-F7_V1.1.0, X-CUBE-AZRTOS-G0_V1.1.0, X-CUBE-AZRTOS-G4_V2.0.0, X-CUBE-AZRTOS-H7_V3.1.0, X-CUBE-AZRTOS-L4_V1.0.0, X-CUBE-AZRTOS-L4_V2.0.0, X-CUBE-AZRTOS-L5_V1.1.0, X-CUBE-AZRTOS-WB_V1.1.0, X-CUBE-AZRTOS-WL_V2.0.0, X-CUBE-BLE1_V6.2.4, X-CUBE-BLE2_V3.3.0, X-CUBE-BLEMGR_V2.0.0, X-CUBE-EEPRMA1_V4.1.0, X-CUBE-FREERTOS_V1.0.1, X-CUBE-GNSS1_V6.0.0, X-CUBE-MEMS1_V9.1.0, X-CUBE-MEMS1_V9.4.0, X-CUBE-MEMS1_V9.6.0, X-CUBE-NFC4_V3.0.0, X-CUBE-NFC7_V1.0.0, X-CUBE-SFXS2LP1_V4.0.0, X-CUBE-SUBG2_V5.0.0]
2023-07-26 18:19:28,986 [INFO] ApiDb:240 - Found 323 in-development CPN: [B-G473E-ZEST1S, B-WB1M-WPAN1, B-WL5M-SUBG1, NUCLEO-C031C6, NUCLEO-H503RB, NUCLEO-H563ZI, NUCLEO-U545RE-Q, NUCLEO-U5A5ZJ-Q, NUCLEO-WBA52CG, STEVAL-PROTEUS1, STEVAL-SMARTAG2, STEVAL-STWINBX1, STM320518-EVAL, STM32C0116-DK, STM32C011D6Y3TR, STM32C011D6Y6TR, STM32C011F4P3, STM32C011F4P6, STM32C011F4U3, STM32C011F4U6TR, STM32C011F6P3, STM32C011F6P6, STM32C011F6U3, STM32C011F6U6TR, STM32C011J4M3, STM32C011J4M6, STM32C011J6M3, STM32C011J6M6, STM32C0316-DK, STM32C031C4T3, STM32C031C4T6, STM32C031C4U3, STM32C031C4U6, STM32C031C6T3, STM32C031C6T6, STM32C031C6U3, STM32C031C6U6, STM32C031F4P3, STM32C031F4P6, STM32C031F6P3, STM32C031F6P6, STM32C031G4U3, STM32C031G4U6, STM32C031G6U3, STM32C031G6U6, STM32C031K4T3, STM32C031K4T6, STM32C031K4U3, STM32C031K4U6, STM32C031K6T3, STM32C031K6T6, STM32C031K6U3, STM32C031K6U6, STM32G071K8TXN, STM32G071K8UXN, STM32G081GBU6N, STM32G081KBT6N, STM32G081KBUXN, STM32G0B1CCT6N, STM32G0B1KCT6, STM32G0B1NEY6TR, STM32G0B1RCT6N, STM32G0C1CCT6, STM32G0C1CCT6N, STM32G0C1CCU6N, STM32G0C1CET6N, STM32G0C1CEU6N, STM32G0C1KCT6, STM32G0C1NEY6TR, STM32G0C1RCI6N, STM32G0C1RCT6N, STM32G0C1REI6N, STM32G0C1RET6N, STM32G0C1VCI6, STM32G0C1VEI6, STM32G471CCT6, STM32G471CCU6, STM32G471CET3, STM32G471CET6, STM32G471CEU3, STM32G471CEU6, STM32G471MCT6, STM32G471MET3, STM32G471MET6, STM32G471MEY6TR, STM32G471QCT6, STM32G471QET3, STM32G471RCT6, STM32G471RET3, STM32G471RET6, STM32G471VCH6, STM32G471VCI6, STM32G471VCT6, STM32G471VEH3, STM32G471VEH6, STM32G471VEI3, STM32G471VEI6, STM32G471VET3, STM32G471VET6, STM32G474CCT6, STM32H503CBT6, STM32H503CBU6, STM32H503EBY6TR, STM32H503KBU6, STM32H503RBT6, STM32H562AGI6, STM32H562AII6, STM32H562IGK6, STM32H562IGT6, STM32H562IIK6, STM32H562IIT6, STM32H562RGT6, STM32H562RGV6, STM32H562RIT6, STM32H562RIV6, STM32H562VGT6, STM32H562VIT6, STM32H562ZGT6, STM32H562ZIT6, STM32H563AGI6, STM32H563AII3Q, STM32H563AII6, STM32H563IGK6, STM32H563IGT6, STM32H563IIK3Q, STM32H563IIK6, STM32H563IIT3Q, STM32H563IIT6, STM32H563MIY3QTR, STM32H563RGT6, STM32H563RGV6, STM32H563RIT6, STM32H563RIV6, STM32H563VGT6, STM32H563VIT3Q, STM32H563VIT6, STM32H563ZGT6, STM32H563ZIT3Q, STM32H563ZIT6, STM32H573AII3Q, STM32H573AII6, STM32H573I-DK, STM32H573IIK3Q, STM32H573IIK6, STM32H573IIT3Q, STM32H573IIT6, STM32H573MIY3QTR, STM32H573RIT6, STM32H573RIV6, STM32H573VIT3Q, STM32H573VIT6, STM32H573ZIT3Q, STM32H573ZIT6, STM32L4R5QGI6STR, STM32MP131AAE3, STM32MP131AAF3, STM32MP131AAG3, STM32MP131CAE3, STM32MP131CAF3, STM32MP131CAG3, STM32MP131DAE7, STM32MP131DAF7, STM32MP131DAG7, STM32MP131FAE7, STM32MP131FAF7, STM32MP131FAG7, STM32MP133AAE3, STM32MP133AAF3, STM32MP133AAG3, STM32MP133CAE3, STM32MP133CAF3, STM32MP133CAG3, STM32MP133DAE7, STM32MP133DAF7, STM32MP133DAG7, STM32MP133FAE7, STM32MP133FAF7, STM32MP133FAG7, STM32MP135AAE3, STM32MP135AAF3, STM32MP135AAG3, STM32MP135CAE3, STM32MP135CAF3, STM32MP135CAG3, STM32MP135DAE7, STM32MP135DAF7, STM32MP135DAG7, STM32MP135F-DK, STM32MP135FAE7, STM32MP135FAF7, STM32MP135FAF7T, STM32MP135FAF7U, STM32MP135FAG7, STM32U535CBT6, STM32U535CBT6Q, STM32U535CBU6, STM32U535CBU6Q, STM32U535CCT6, STM32U535CCT6Q, STM32U535CCU6, STM32U535CCU6Q, STM32U535CET6, STM32U535CET6Q, STM32U535CEU6, STM32U535CEU6Q, STM32U535JEY6QTR, STM32U535NCY6QTR, STM32U535NEY6QTR, STM32U535RBI6, STM32U535RBI6Q, STM32U535RBT6, STM32U535RBT6Q, STM32U535RCI6, STM32U535RCI6Q, STM32U535RCT6, STM32U535RCT6Q, STM32U535REI6, STM32U535REI6Q, STM32U535RET6, STM32U535RET6Q, STM32U535VCI6, STM32U535VCI6Q, STM32U535VCT6, STM32U535VCT6Q, STM32U535VEI6, STM32U535VEI6Q, STM32U535VET6, STM32U535VET6Q, STM32U545CET6, STM32U545CET6Q, STM32U545CEU6, STM32U545CEU6Q, STM32U545JEY6QTR, STM32U545NEY6QTR, STM32U545REI6, STM32U545REI6Q, STM32U545RET6, STM32U545RET6Q, STM32U545VEI6, STM32U545VEI6Q, STM32U545VET6, STM32U545VET6Q, STM32U595AIH6, STM32U595AIH6Q, STM32U595AJH6, STM32U595AJH6Q, STM32U595QII6, STM32U595QII6Q, STM32U595QJI6, STM32U595QJI6Q, STM32U595RIT6, STM32U595RIT6Q, STM32U595RJT6, STM32U595RJT6Q, STM32U595VIT6, STM32U595VIT6Q, STM32U595VJT6, STM32U595VJT6Q, STM32U595ZIT6, STM32U595ZIT6Q, STM32U595ZIY6QTR, STM32U595ZJT6, STM32U595ZJT6Q, STM32U595ZJY6QTR, STM32U599BJY6QTR, STM32U599NIH6Q, STM32U599NJH6Q, STM32U599VIT6Q, STM32U599VJT6, STM32U599VJT6Q, STM32U599ZIT6Q, STM32U599ZIY6QTR, STM32U599ZJT6Q, STM32U599ZJY6QTR, STM32U5A5AJH6, STM32U5A5AJH6Q, STM32U5A5QJI6, STM32U5A5QJI6Q, STM32U5A5RJT6, STM32U5A5RJT6Q, STM32U5A5VJT6, STM32U5A5VJT6Q, STM32U5A5ZJT6, STM32U5A5ZJT6Q, STM32U5A5ZJY6QTR, STM32U5A9BJY6QTR, STM32U5A9J-DK, STM32U5A9NJH6Q, STM32U5A9VJT6Q, STM32U5A9ZJT6Q, STM32U5A9ZJY6QTR, STM32U5F7VIT6, STM32U5F7VIT6Q, STM32U5F7VJT6, STM32U5F7VJT6Q, STM32U5F9BJY6QTR, STM32U5F9NJH6Q, STM32U5F9VIT6Q, STM32U5F9VJT6Q, STM32U5F9ZIJ6QTR, STM32U5F9ZIT6Q, STM32U5F9ZJJ6QTR, STM32U5F9ZJT6Q, STM32U5G7VJT6, STM32U5G7VJT6Q, STM32U5G9BJY6QTR, STM32U5G9J-DK1, STM32U5G9J-DK2, STM32U5G9NJH6Q, STM32U5G9VJT6Q, STM32U5G9ZJJ6QTR, STM32U5G9ZJT6Q, STM32WB1MMCH6, STM32WBA52CEU6, STM32WBA52CEU6T, STM32WBA52CGU6, STM32WBA52CGU6T, STM32WBA52KEU6, STM32WBA52KEU6T, STM32WBA52KGU6, STM32WBA52KGU6T, STM32WL5MOCH6, STM32WL5MOCH6TR]
2023-07-26 18:19:28,990 [INFO] DbMcus:217 - Found 3848 MCUs, 3848 are supported
2023-07-26 18:19:28,990 [INFO] ApiDb:423 - Load user favorites file C:\Users\ipave/.stm32cubeide/favorites.mcus.txt: 0 item(s)
2023-07-26 18:19:28,990 [INFO] ApiDb:427 - User favorites MCUs=[]
2023-07-26 18:19:28,990 [INFO] DbMcus:223 - Set 0 / 0 favorites MCUs
2023-07-26 18:19:29,122 [INFO] ApiDb:423 - Load user favorites file C:\Users\ipave/.stm32cubeide/favorites.boards.txt: 0 item(s)
2023-07-26 18:19:29,122 [INFO] ApiDb:427 - User favorites Boards=[]
2023-07-26 18:19:29,122 [INFO] DbBoards:190 - Set 0 / 0 favorites Boards
2023-07-26 18:19:29,122 [INFO] McuFinderGlobals:76 - Set McuFinderConnectedMode to true
2023-07-26 18:19:29,128 [INFO] MultiScanPanel:200 - Auto-refresh data requested => check proxy status ongoing
2023-07-26 18:19:29,129 [INFO] FinderPluginLoader:95 - Searching for filters in installed packs
2023-07-26 18:19:30,170 [INFO] LoadUrlFilesThread:185 - End of LoadServerUrlFiles without Thread
2023-07-26 18:19:30,177 [INFO] DetailPanel:341 - Set advertising image to C:/Users/ipave/STM32Cube/Repository/\en.prom-stm32h5-mcu-finder.jpg
2023-07-26 18:19:34,276 [INFO] MultiScanPanel:200 - Auto-refresh data requested => check proxy status ongoing
2023-07-26 18:19:34,372 [INFO] LoadUrlFilesThread:185 - End of LoadServerUrlFiles without Thread
2023-07-26 18:19:34,373 [INFO] DetailPanel:341 - Set advertising image to C:/Users/ipave/STM32Cube/Repository/\en.prom-stm32h5-mcu-finder.jpg
2023-07-26 18:19:34,386 [INFO] DbBoards:634 - Loading board mini-images...
2023-07-26 18:19:35,751 [ERROR] DbBoards:651 - Image file not found for board STM32U5G9J-DK1: C:\Users\ipave\.stmcufinder\plugins\mcufinder//mcu//boards_images/STM32U5G9J-DK1.jpg
2023-07-26 18:19:35,752 [ERROR] DbBoards:651 - Image file not found for board STM32U5G9J-DK2: C:\Users\ipave\.stmcufinder\plugins\mcufinder//mcu//boards_images/STM32U5G9J-DK2.jpg
2023-07-26 18:19:35,762 [INFO] DbBoards:657 - Loaded 188 board mini-images
2023-07-26 18:19:45,507 [ERROR] LogOutputStream:75 - [STDERR_REDIRECT] SLF4J: Failed to load class "org.slf4j.impl.StaticLoggerBinder".
2023-07-26 18:19:45,507 [ERROR] LogOutputStream:75 - [STDERR_REDIRECT] SLF4J: Defaulting to no-operation (NOP) logger implementation
2023-07-26 18:19:45,508 [ERROR] LogOutputStream:75 - [STDERR_REDIRECT] SLF4J: See http://www.slf4j.org/codes.html#StaticLoggerBinder for further details.
2023-07-26 18:19:52,034 [INFO] MainUpdater:2868 - connection check result : 10
2023-07-26 18:19:52,035 [INFO] MainUpdater:2868 - connection check result : 10
2023-07-26 18:19:52,054 [INFO] MicroXplorer:468 - Change Database Path : 
2023-07-26 18:19:52,054 [INFO] MicroXplorer:498 - Change Database Version : DB.6.0.90
2023-07-26 18:19:52,061 [WARN] ThirdParty:871 - waiting for thirdparty lock release [close project]
2023-07-26 18:19:52,061 [INFO] ThirdParty:873 - entering critical section [close project]
2023-07-26 18:19:52,062 [INFO] ThirdParty:883 - exiting critical section [close project]
2023-07-26 18:19:52,063 [INFO] PinOutPanel:1499 - setPackage(No Configuration,No Configuration)
2023-07-26 18:19:52,076 [INFO] UtilMem:75 - Begin LoadConfig() Used Memory: 468448736 Bytes (780140544)
2023-07-26 18:19:52,079 [INFO] OpenFileManager:308 - Change cursor
2023-07-26 18:19:52,099 [INFO] ProjectFactory:402 - No CPN specified for board NUCLEO-F429ZI => set CPN to STM32F429ZIT6
2023-07-26 18:19:52,100 [INFO] Mcu:1946 - Initializing MCU STM32F429ZITx STM32F429ZITx STM32F429ZIT6
2023-07-26 18:19:53,882 [INFO] Context:659 - Trying to add GPIOservice into a context  which must be forbidden
2023-07-26 18:19:54,349 [INFO] Rule:228 - rule 117617 - U5Cobra4M][GTZC] default value MPCBB3 and MPCBB5 - Not Secured memory - MPCBB1 is applicable
2023-07-26 18:19:54,349 [INFO] Rule:228 - rule 117617 - U5Cobra4M][GTZC] default value MPCBB3 and MPCBB5 - Not Secured memory - MPCBB1 is applicable
2023-07-26 18:19:54,349 [INFO] Rule:228 - rule 117617 - U5Cobra4M][GTZC] default value MPCBB3 and MPCBB5 - Not Secured memory - MPCBB2 is applicable
2023-07-26 18:19:54,349 [INFO] Rule:228 - rule 117617 - U5Cobra4M][GTZC] default value MPCBB3 and MPCBB5 - Not Secured memory - MPCBB2 is applicable
2023-07-26 18:19:54,349 [INFO] Rule:228 - rule 117617 - U5Cobra4M][GTZC] default value MPCBB3 and MPCBB5 - Not Secured memory - MPCBB3 is applicable
2023-07-26 18:19:54,349 [INFO] Rule:228 - rule 117617 - U5Cobra4M][GTZC] default value MPCBB3 and MPCBB5 - Not Secured memory - MPCBB3 is applicable
2023-07-26 18:19:54,349 [INFO] Rule:228 - rule 117617 - U5Cobra4M][GTZC] default value MPCBB3 and MPCBB5 - Not Secured memory - MPCBB4 is applicable
2023-07-26 18:19:54,349 [INFO] Rule:228 - rule 117617 - U5Cobra4M][GTZC] default value MPCBB3 and MPCBB5 - Not Secured memory - MPCBB4 is applicable
2023-07-26 18:19:54,349 [INFO] Rule:228 - rule 117617 - U5Cobra4M][GTZC] default value MPCBB3 and MPCBB5 - Secured memory - MPCBB1 is applicable
2023-07-26 18:19:54,349 [INFO] Rule:228 - rule 117617 - U5Cobra4M][GTZC] default value MPCBB3 and MPCBB5 - Secured memory - MPCBB2 is applicable
2023-07-26 18:19:54,349 [INFO] Rule:228 - rule 117617 - U5Cobra4M][GTZC] default value MPCBB3 and MPCBB5 - Secured memory - MPCBB3 is applicable
2023-07-26 18:19:54,349 [INFO] Rule:228 - rule 117617 - U5Cobra4M][GTZC] default value MPCBB3 and MPCBB5 - Secured memory - MPCBB4 is applicable
2023-07-26 18:19:54,349 [INFO] Rule:228 - rule 117617 - U5Cobra4M][GTZC] default value MPCBB3 and MPCBB5 - Privileged memory - MPCBB1 is applicable
2023-07-26 18:19:54,349 [INFO] Rule:228 - rule 117617 - U5Cobra4M][GTZC] default value MPCBB3 and MPCBB5 - Privileged memory - MPCBB2 is applicable
2023-07-26 18:19:54,349 [INFO] Rule:228 - rule 117617 - U5Cobra4M][GTZC] default value MPCBB3 and MPCBB5 - Privileged memory - MPCBB3 is applicable
2023-07-26 18:19:54,349 [INFO] Rule:228 - rule 117617 - U5Cobra4M][GTZC] default value MPCBB3 and MPCBB5 - Privileged memory - MPCBB4 is applicable
2023-07-26 18:19:54,349 [INFO] Rule:228 - rule 117617 - U5Cobra4M][GTZC] default value MPCBB3 and MPCBB5 - Not Privileged memory - MPCBB1 is applicable
2023-07-26 18:19:54,350 [INFO] Rule:228 - rule 117617 - U5Cobra4M][GTZC] default value MPCBB3 and MPCBB5 - Not Privileged memory - MPCBB2 is applicable
2023-07-26 18:19:54,350 [INFO] Rule:228 - rule 117617 - U5Cobra4M][GTZC] default value MPCBB3 and MPCBB5 - Not Privileged memory - MPCBB3 is applicable
2023-07-26 18:19:54,350 [INFO] Rule:228 - rule 117617 - U5Cobra4M][GTZC] default value MPCBB3 and MPCBB5 - Not Privileged memory - MPCBB4 is applicable
2023-07-26 18:19:54,350 [INFO] Rule:228 - rule 117617 - U5Cobra4M][GTZC] default value MPCBB3 and MPCBB5 - Privileged memory - MPCBB1 is applicable
2023-07-26 18:19:54,350 [INFO] Rule:228 - rule 117617 - U5Cobra4M][GTZC] default value MPCBB3 and MPCBB5 - Privileged memory - MPCBB2 is applicable
2023-07-26 18:19:54,350 [INFO] Rule:228 - rule 117617 - U5Cobra4M][GTZC] default value MPCBB3 and MPCBB5 - Privileged memory - MPCBB3 is applicable
2023-07-26 18:19:54,350 [INFO] Rule:228 - rule 117617 - U5Cobra4M][GTZC] default value MPCBB3 and MPCBB5 - Privileged memory - MPCBB4 is applicable
2023-07-26 18:19:54,350 [INFO] Rule:228 - rule 117617 - U5Cobra4M][GTZC] default value MPCBB3 and MPCBB5 - Privileged memory - MPCBB1 is applicable
2023-07-26 18:19:54,350 [INFO] Rule:228 - rule 117617 - U5Cobra4M][GTZC] default value MPCBB3 and MPCBB5 - Privileged memory - MPCBB2 is applicable
2023-07-26 18:19:54,350 [INFO] Rule:228 - rule 117617 - U5Cobra4M][GTZC] default value MPCBB3 and MPCBB5 - Privileged memory - MPCBB3 is applicable
2023-07-26 18:19:54,350 [INFO] Rule:228 - rule 117617 - U5Cobra4M][GTZC] default value MPCBB3 and MPCBB5 - Privileged memory - MPCBB4 is applicable
2023-07-26 18:19:54,350 [INFO] Rule:228 - rule 117617 - U5Cobra4M][GTZC] default value MPCBB3 and MPCBB5 - Not Privileged memory - MPCBB1 is applicable
2023-07-26 18:19:54,350 [INFO] Rule:228 - rule 117617 - U5Cobra4M][GTZC] default value MPCBB3 and MPCBB5 - Not Privileged memory - MPCBB2 is applicable
2023-07-26 18:19:54,350 [INFO] Rule:228 - rule 117617 - U5Cobra4M][GTZC] default value MPCBB3 and MPCBB5 - Not Privileged memory - MPCBB3 is applicable
2023-07-26 18:19:54,350 [INFO] Rule:228 - rule 117617 - U5Cobra4M][GTZC] default value MPCBB3 and MPCBB5 - Not Privileged memory - MPCBB4 is applicable
2023-07-26 18:19:54,350 [INFO] Rule:228 - rule 117617 - U5Cobra4M][GTZC] default value MPCBB3 and MPCBB5 - Privileged memory - MPCBB1 is applicable
2023-07-26 18:19:54,350 [INFO] Rule:228 - rule 117617 - U5Cobra4M][GTZC] default value MPCBB3 and MPCBB5 - Privileged memory - MPCBB2 is applicable
2023-07-26 18:19:54,350 [INFO] Rule:228 - rule 117617 - U5Cobra4M][GTZC] default value MPCBB3 and MPCBB5 - Privileged memory - MPCBB3 is applicable
2023-07-26 18:19:54,350 [INFO] Rule:228 - rule 117617 - U5Cobra4M][GTZC] default value MPCBB3 and MPCBB5 - Privileged memory - MPCBB4 is applicable
2023-07-26 18:19:54,350 [INFO] Rule:228 - rule Rename SubGHz_Phy SUBGHZ_APPLICATION SUBGHZ_PINGPONG to SUBGHZ_ADV_APPLICATION is applicable
2023-07-26 18:19:54,350 [INFO] Rule:228 - rule Rename Enabled to IBEACON is applicable
2023-07-26 18:19:54,350 [INFO] Rule:228 - rule GTZC_S instance for project manager is applicable
2023-07-26 18:19:54,350 [INFO] Rule:228 - rule GTZC_S instance for context M33S is applicable
2023-07-26 18:19:54,350 [INFO] Rule:228 - rule GTZC_S instance value for IP GTZC is applicable
2023-07-26 18:19:54,350 [INFO] Rule:228 - rule GTZC_S instance for mcu.IP is applicable
2023-07-26 18:19:54,350 [INFO] Rule:228 - rule GTZC_S instance for VP is applicable
2023-07-26 18:19:54,350 [INFO] Rule:228 - rule GTZC_S instance for signal is applicable
2023-07-26 18:19:54,350 [INFO] Rule:228 - rule GTZC_S instance for mcu.Pin is applicable
2023-07-26 18:19:54,350 [INFO] Rule:228 - rule GTZC_S instance for VP is applicable
2023-07-26 18:19:54,350 [INFO] Rule:228 - rule GTZC_S instance for signal is applicable
2023-07-26 18:19:54,351 [INFO] Rule:228 - rule GTZC_S instance for mcu is applicable
2023-07-26 18:19:54,351 [INFO] Rule:228 - rule GTZC_S instance for mcu.Pin is applicable
2023-07-26 18:19:54,351 [INFO] Rule:228 - rule GTZC_S instance value for IP GTZC is applicable
2023-07-26 18:19:54,351 [INFO] Rule:228 - rule GTZC_S instance for project manager is applicable
2023-07-26 18:19:54,351 [INFO] Rule:228 - rule GTZC_S instance for context M33S is applicable
2023-07-26 18:19:54,351 [INFO] Rule:228 - rule GTZC_S instance for VP is applicable
2023-07-26 18:19:54,351 [INFO] Rule:228 - rule GTZC_S instance for signal is applicable
2023-07-26 18:19:54,351 [INFO] Rule:228 - rule SPDIFRX instance for mcu is applicable
2023-07-26 18:19:54,351 [INFO] Rule:228 - rule Rename Tracer Mode is applicable
2023-07-26 18:19:54,351 [INFO] Rule:228 - rule SPDIFRX instance value for IP SPDIFRX is applicable
2023-07-26 18:19:54,351 [INFO] Rule:228 - rule SPDIFRX instance for signal is applicable
2023-07-26 18:19:54,351 [INFO] Rule:228 - rule SPDIFRX instance for project manager is applicable
2023-07-26 18:19:54,351 [INFO] Rule:228 - rule SPDIFRX instance for project manager is applicable
2023-07-26 18:19:54,351 [INFO] Rule:228 - rule ADC Scan  fix with FW F7 is applicable
2023-07-26 18:19:54,351 [INFO] Rule:228 - rule ADC Scan  fix with FW F7 is applicable
2023-07-26 18:19:54,351 [INFO] Rule:228 - rule WakeUp0 Mode is applicable
2023-07-26 18:19:54,351 [INFO] Rule:228 - rule WakeUp0 SIGNAL is applicable
2023-07-26 18:19:54,351 [INFO] Rule:228 - rule WakeUp1 Mode is applicable
2023-07-26 18:19:54,351 [INFO] Rule:228 - rule WakeUp1 SIGNAL is applicable
2023-07-26 18:19:54,351 [INFO] Rule:228 - rule WakeUp2 Mode is applicable
2023-07-26 18:19:54,352 [INFO] Rule:228 - rule WakeUp2 SIGNAL is applicable
2023-07-26 18:19:54,352 [INFO] Rule:228 - rule WakeUp4 Mode is applicable
2023-07-26 18:19:54,352 [INFO] Rule:228 - rule WakeUp4 SIGNAL is applicable
2023-07-26 18:19:54,352 [INFO] Rule:228 - rule WakeUp5 Mode is applicable
2023-07-26 18:19:54,352 [INFO] Rule:228 - rule WakeUp5 SIGNAL is applicable
2023-07-26 18:19:54,352 [INFO] Rule:228 - rule Change Default Value for LSE Drive Capability for WB family is applicable
2023-07-26 18:19:54,352 [INFO] Rule:228 - rule Change Default Value for ADC Clock Prescaler G0 family is applicable
2023-07-26 18:19:54,352 [INFO] Rule:228 - rule Rename DIE462/DIE415 pin PC14/OSC32_IN -> PC14-OSC32_IN (PC14) is applicable
2023-07-26 18:19:54,352 [INFO] Rule:228 - rule Rename DIE462/DIE415 pin PC15/OSC32_OUT -> PC15-OSC32_OUT (PC15) is applicable
2023-07-26 18:19:54,352 [INFO] Rule:228 - rule Rename DIE462/DIE415 pin PH0/OSC_IN -> PH0-OSC_IN (PH0) is applicable
2023-07-26 18:19:54,352 [INFO] Rule:228 - rule Rename DIE462/DIE415 pin PH1/OSC_OUT -> PH1-OSC_OUT (PH1) is applicable
2023-07-26 18:19:54,352 [INFO] Rule:228 - rule Rename DIE462 pin PA13 -> PA13 (JTMS/SWDIO) is applicable
2023-07-26 18:19:54,352 [INFO] Rule:228 - rule Rename DIE415 pin PA13 -> PA13 (JTMS/SWDIO) is applicable
2023-07-26 18:19:54,352 [INFO] Rule:228 - rule Rename DIE462 pin PA14 -> PA14 (JTCK/SWCLK) is applicable
2023-07-26 18:19:54,352 [INFO] Rule:228 - rule Rename DIE415 pin PA14 -> PA14 (JTCK/SWCLK) is applicable
2023-07-26 18:19:54,352 [INFO] Rule:228 - rule Rename DIE462/DIE415 pin PA15 -> PA15 (JTDI) is applicable
2023-07-26 18:19:54,352 [INFO] Rule:228 - rule Rename DIE462 pin PB3 -> PB3 (JTD0/TRACESWO) is applicable
2023-07-26 18:19:54,352 [INFO] Rule:228 - rule Rename DIE415 pin PB3 -> PB3 (JTD0-TRACESWO) is applicable
2023-07-26 18:19:54,352 [INFO] Rule:228 - rule Rename DIE462/DIE415 pin PB4 -> PB4 (NJTRST) is applicable
2023-07-26 18:19:54,352 [INFO] Rule:228 - rule Rename DIE462 pin PH3/BOOT0 -> PH3-BOOT0 (BOOT0) is applicable
2023-07-26 18:19:54,352 [INFO] Rule:228 - rule Rename CRYP DataEncryptionTypesList to Algorithm is applicable
2023-07-26 18:19:54,352 [INFO] Rule:228 - rule Rename AES DataEncryptionTypesList to Algorithm is applicable
2023-07-26 18:19:54,353 [INFO] Rule:228 - rule Rename TDESECB to CRYP_TDES_ECB is applicable
2023-07-26 18:19:54,353 [INFO] Rule:228 - rule Rename TDESCBC to CRYP_TDES_CBC is applicable
2023-07-26 18:19:54,353 [INFO] Rule:228 - rule Rename DESECB to CRYP_DES_ECB is applicable
2023-07-26 18:19:54,353 [INFO] Rule:228 - rule Rename DESCBC to CRYP_DES_CBC is applicable
2023-07-26 18:19:54,353 [INFO] Rule:228 - rule Rename AESECB to CRYP_AES_ECB is applicable
2023-07-26 18:19:54,353 [INFO] Rule:228 - rule Rename AESCBC to CRYP_AES_CBC is applicable
2023-07-26 18:19:54,353 [INFO] Rule:228 - rule Rename AESCTR to CRYP_AES_CTR is applicable
2023-07-26 18:19:54,353 [INFO] Rule:228 - rule Rename AESGCM to CRYP_AES_GCM is applicable
2023-07-26 18:19:54,353 [INFO] Rule:228 - rule Rename AESCCM to CRYP_AES_CCM is applicable
2023-07-26 18:19:54,353 [INFO] Rule:228 - rule Rename CAN TimeSeg1 to BS1 is applicable
2023-07-26 18:19:54,353 [INFO] Rule:228 - rule Rename CAN TimeSeg2 to BS2 is applicable
2023-07-26 18:19:54,353 [INFO] Rule:228 - rule Rename CAN SyncJumpWidth to SJW is applicable
2023-07-26 18:19:54,353 [INFO] Rule:228 - rule TimeTriggeredMode to TTCM is applicable
2023-07-26 18:19:54,353 [INFO] Rule:228 - rule Rename CAN AutoBusOff to ABOM is applicable
2023-07-26 18:19:54,353 [INFO] Rule:228 - rule Rename CAN AutoWakeUp to AWUM is applicable
2023-07-26 18:19:54,353 [INFO] Rule:228 - rule Rename CAN AutoRetransmission to NART is applicable
2023-07-26 18:19:54,353 [INFO] Rule:228 - rule Rename CAN ReceiveFifoLocked to RFLM is applicable
2023-07-26 18:19:54,353 [INFO] Rule:228 - rule Rename CAN TransmitFifoPriority to TXFP is applicable
2023-07-26 18:19:54,353 [INFO] Rule:228 - rule Rename HRTIMER HRTIM_OUTPUTFAULTLEVEL_HIGH in HRTIMER HRTIM_OUTPUTFAULTLEVEL_HIGHZ is applicable
2023-07-26 18:19:54,354 [INFO] Rule:228 - rule Rename TIMER TIM_CLEARINPUTSOURCE_OCREFCLR in  TIMER TIM_CLEARINPUTSOURCE_NONE for F7 family is applicable
2023-07-26 18:19:54,354 [INFO] Rule:228 - rule FDCAN_R1 - Rename FDCAN mode Master into Classic is applicable
2023-07-26 18:19:54,354 [INFO] Rule:228 - rule FDCAN_R2 - Rename FDCAN mode Slave into Classic is applicable
2023-07-26 18:19:54,354 [INFO] Rule:228 - rule FDCAN1_R3 - if PA10.Mode=FullDuplex, add Pin PA12 is applicable
2023-07-26 18:19:54,354 [INFO] Rule:228 - rule FDCAN1_R3 - if PA9.Mode=FullDuplex, add Pin PA11 is applicable
2023-07-26 18:19:54,354 [INFO] Rule:228 - rule FDCAN1_R3 - Alternatepin_1 - if PE1.Mode=FullDuplex, add Pin PB9 is applicable
2023-07-26 18:19:54,354 [INFO] Rule:228 - rule FDCAN1_R3 - Alternatepin_1 - if PE0.Mode=FullDuplex, add Pin PB8 is applicable
2023-07-26 18:19:54,354 [INFO] Rule:228 - rule FDCAN1_R3 - Alternatepin_2 - if PD5.Mode=FullDuplex, add Pin PD1 is applicable
2023-07-26 18:19:54,354 [INFO] Rule:228 - rule FDCAN1_R3 - Alternatepin_2 - if PD4.Mode=FullDuplex, add Pin PD0 is applicable
2023-07-26 18:19:54,354 [INFO] Rule:228 - rule FDCAN1_R4 - Rename Mode FullDuplex into Enable FDCAN_TXFD for pin PA10 is applicable
2023-07-26 18:19:54,354 [INFO] Rule:228 - rule FDCAN1_R4 - Rename Mode FullDuplex into Enable FDCAN_TXFD for pin PA9 is applicable
2023-07-26 18:19:54,354 [INFO] Rule:228 - rule FDCAN1_R4 - Alternatepin_1 - Rename Mode FullDuplex into Enable FDCAN_TXFD for pin PE1 is applicable
2023-07-26 18:19:54,354 [INFO] Rule:228 - rule FDCAN1_R4 - Alternatepin_1 - Rename Mode FullDuplex into Enable FDCAN_TXFD for pin PE0 is applicable
2023-07-26 18:19:54,354 [INFO] Rule:228 - rule FDCAN1_R4 - Alternatepin_2 - Rename Mode FullDuplex into Enable FDCAN_TXFD for pin PD5 is applicable
2023-07-26 18:19:54,354 [INFO] Rule:228 - rule FDCAN1_R4 - Alternatepin_2 - Rename Mode FullDuplex into Enable FDCAN_TXFD for pin PD4 is applicable
2023-07-26 18:19:54,354 [INFO] Rule:228 - rule FDCAN2_R3 - if PD10.Mode=FullDuplex, add Pin PB13 is applicable
2023-07-26 18:19:54,354 [INFO] Rule:228 - rule FDCAN2_R3 - if PD9.Mode=FullDuplex, add Pin PB12 is applicable
2023-07-26 18:19:54,354 [INFO] Rule:228 - rule FDCAN2_R3 - Alternatepin_1 - if PB7.Mode=FullDuplex, add Pin PB6 is applicable
2023-07-26 18:19:54,354 [INFO] Rule:228 - rule FDCAN2_R3 - Alternatepin_1 - if PD9.Mode=FullDuplex, add Pin PB12 is applicable
2023-07-26 18:19:54,354 [INFO] Rule:228 - rule FDCAN2_R4 - Rename Mode FullDuplex into Enable FDCAN_TXFD for pin PD10 is applicable
2023-07-26 18:19:54,354 [INFO] Rule:228 - rule FDCAN2_R4 - Rename Mode FullDuplex into Enable FDCAN_TXFD for pin PD9 is applicable
2023-07-26 18:19:54,354 [INFO] Rule:228 - rule FDCAN2_R4 - Alternatepin_1 - Rename Mode FullDuplex into Enable FDCAN_TXFD for pin PB7 is applicable
2023-07-26 18:19:54,354 [INFO] Rule:228 - rule FDCAN2_R4 - Alternatepin_1 - Rename Mode FullDuplex into Enable FDCAN_TXFD for pin PD6 is applicable
2023-07-26 18:19:54,354 [INFO] Rule:228 - rule USART TxPinLevelInvertParam Mode is applicable
2023-07-26 18:19:54,354 [INFO] Rule:228 - rule USART RxPinLevelInvertParam Mode is applicable
2023-07-26 18:19:54,354 [INFO] Rule:228 - rule USART DataInvertParam Mode is applicable
2023-07-26 18:19:54,354 [INFO] Rule:228 - rule USART SwapParam Mode is applicable
2023-07-26 18:19:54,354 [INFO] Rule:228 - rule USART OverrunDisableParam Mode is applicable
2023-07-26 18:19:54,354 [INFO] Rule:228 - rule USART DMADisableonRxErrorParam Mode is applicable
2023-07-26 18:19:54,354 [INFO] Rule:228 - rule USART MSBFirstParam Mode is applicable
2023-07-26 18:19:54,354 [INFO] Rule:228 - rule Update MwName for USB_DEVICE is applicable
2023-07-26 18:19:54,354 [INFO] Rule:228 - rule Change PWR_Regulator_Voltage_Scale Default Value for RCC  H7 family is applicable
2023-07-26 18:19:54,354 [INFO] Rule:228 - rule UART/USART IPParameter rename Prescaler parameter to ClockPrescaler is applicable
2023-07-26 18:19:54,355 [INFO] Rule:228 - rule UART/USART Prescaler rename Prescaler parameter to ClockPrescaler is applicable
2023-07-26 18:19:54,355 [INFO] Rule:228 - rule TIM1CLockSelection is applicable
2023-07-26 18:19:54,355 [INFO] Rule:228 - rule TIM15CLockSelection is applicable
2023-07-26 18:19:54,355 [INFO] Rule:228 - rule align RCC SDMMC3CLockSelection default value on MP1 is applicable
2023-07-26 18:19:54,355 [INFO] Rule:228 - rule align RCC SDMMC12CLockSelection default value on MP1 is applicable
2023-07-26 18:19:54,355 [INFO] Rule:228 - rule align RCC QSPICLockSelection default value on MP1 is applicable
2023-07-26 18:19:54,355 [INFO] Rule:228 - rule align RCC QSPICLockSelection default value on MP1 is applicable
2023-07-26 18:19:54,355 [INFO] Rule:228 - rule align RCC SPI6CLockSelection default value on MP1 is applicable
2023-07-26 18:19:54,355 [INFO] Rule:228 - rule align RCC LPTIM23CLockSelection default value on MP1 is applicable
2023-07-26 18:19:54,355 [INFO] Rule:228 - rule align RCC LPTIM1CLockSelection default value on MP1 is applicable
2023-07-26 18:19:54,355 [INFO] Rule:228 - rule align RCC USART1CLockSelection default value on MP1 is applicable
2023-07-26 18:19:54,355 [INFO] Rule:228 - rule align RCC USART24CLockSelection default value on MP1 is applicable
2023-07-26 18:19:54,355 [INFO] Rule:228 - rule align RCC USART6CLockSelection default value on MP1 is applicable
2023-07-26 18:19:54,355 [INFO] Rule:228 - rule align RCC UART78CLockSelection default value on MP1 is applicable
2023-07-26 18:19:54,355 [INFO] Rule:228 - rule align RCC USART35CLockSelection default value on MP1 is applicable
2023-07-26 18:19:54,355 [INFO] Rule:228 - rule align RCC SPI45CLockSelection default value on MP1 is applicable
2023-07-26 18:19:54,355 [INFO] Rule:228 - rule align RCC I2C46CLockSelection BCLK value on MP1 is applicable
2023-07-26 18:19:54,355 [INFO] Rule:228 - rule align RCC SPI45CLockSelection default value on MP1 is applicable
2023-07-26 18:19:54,355 [INFO] Rule:228 - rule align RCC I2C12CLockSelection default value on MP1 is applicable
2023-07-26 18:19:54,355 [INFO] Rule:228 - rule align RCC I2C35CLockSelection default value on MP1 is applicable
2023-07-26 18:19:54,355 [INFO] Rule:228 - rule align RCC LPTIM45CLockSelection default value on MP1 is applicable
2023-07-26 18:19:54,355 [INFO] Rule:228 - rule Rename DCMI PIXCK signal is applicable
2023-07-26 18:19:54,355 [INFO] Rule:228 - rule Change Default Value for I2C46CLockSelection MP1 family is applicable
2023-07-26 18:19:54,355 [INFO] Rule:228 - rule Change Default Value for UART for G4, G0 and WB families is applicable
2023-07-26 18:19:54,355 [INFO] Rule:228 - rule Change Default Value for USART for G4, G0 and WB families is applicable
2023-07-26 18:19:54,355 [INFO] Rule:228 - rule Change Default Value for USART for G4 family is applicable
2023-07-26 18:19:54,355 [INFO] Rule:228 - rule Change USART1CLockSelection refparam name for MP1 is applicable
2023-07-26 18:19:54,355 [INFO] Rule:228 - rule Change USART2CLockSelection refparam name for MP1 is applicable
2023-07-26 18:19:54,355 [INFO] Rule:228 - rule Change USART3CLockSelection refparam name for MP1 is applicable
2023-07-26 18:19:54,355 [INFO] Rule:228 - rule Change UART4CLockSelection refparam name for MP1 is applicable
2023-07-26 18:19:54,355 [INFO] Rule:228 - rule Change UART5CLockSelection refparam name for MP1 is applicable
2023-07-26 18:19:54,356 [INFO] Rule:228 - rule Change LPUART1CLockSelection refparam name for MP1 is applicable
2023-07-26 18:19:54,356 [INFO] Rule:228 - rule Change LPTIM1CLockSelection refparam name for MP1 is applicable
2023-07-26 18:19:54,356 [INFO] Rule:228 - rule Change LPTIM2CLockSelection refparam name for MP1 is applicable
2023-07-26 18:19:54,356 [INFO] Rule:228 - rule Change RCC_MCO1Source refparam name for MP1 is applicable
2023-07-26 18:19:54,356 [INFO] Rule:228 - rule Change LSCOSource1 refparam name for MP1 is applicable
2023-07-26 18:19:54,356 [INFO] Rule:228 - rule Change SMPSCLockSelection refparam name for MP1 is applicable
2023-07-26 18:19:54,356 [INFO] Rule:228 - rule Change LPTIM3CLockSelection refparam name for MP1 is applicable
2023-07-26 18:19:54,356 [INFO] Rule:228 - rule Change MPCBB* Default Template Mode to Parameters is applicable
2023-07-26 18:19:54,356 [INFO] Rule:228 - rule Change MPCWM* or MPCBB* Secure Mode to Parameters is applicable
2023-07-26 18:19:54,356 [INFO] Rule:228 - rule Change MPCWM* or MPCBB* No Secure Mode to Parameters is applicable
2023-07-26 18:19:54,356 [INFO] Rule:228 - rule Change TZSC IP Secure Mode to Parameters is applicable
2023-07-26 18:19:54,356 [INFO] Rule:228 - rule Change TZSC IP No Secure Mode to Parameters is applicable
2023-07-26 18:19:54,356 [INFO] Rule:228 - rule Change TZSC IP Privilege Mode to Parameters is applicable
2023-07-26 18:19:54,356 [INFO] Rule:228 - rule Change TZSC IP No Privilege Mode to Parameters is applicable
2023-07-26 18:19:54,356 [INFO] Rule:228 - rule Change TZIC IT Secure Mode to Parameters is applicable
2023-07-26 18:19:54,356 [INFO] Rule:228 - rule Change TZIC IT No Secure Mode to Parameters is applicable
2023-07-26 18:19:54,356 [INFO] Rule:228 - rule Add MPCBB1_NonSecureArea_Start_Address value with referenced to MPCBB1_NonSecureArea_Start value is applicable
2023-07-26 18:19:54,356 [INFO] Rule:228 - rule Add MPCBB2_NonSecureArea_Start_Address value with referenced to MPCBB2_NonSecureArea_Start value is applicable
2023-07-26 18:19:54,357 [INFO] Rule:228 - rule Add MPCWM1_NonSecureArea*_Start_Address value with referenced to MPCWM1_NonSecureArea*_Start value is applicable
2023-07-26 18:19:54,357 [INFO] Rule:228 - rule Add MPCWM2_NonSecureArea*_Start_Address value with referenced to MPCWM2_NonSecureArea*_Start value is applicable
2023-07-26 18:19:54,357 [INFO] Rule:228 - rule Add MPCWM3_NonSecureArea_Start_Address value with referenced to MPCWM3_NonSecureArea_Start value is applicable
2023-07-26 18:19:54,357 [INFO] Rule:228 - rule Change Default Value for PLL1UserDefinedConfig is applicable
2023-07-26 18:19:54,357 [INFO] Rule:228 - rule Change GPIO_PuPd Default Value for USART in async mode is applicable
2023-07-26 18:19:54,357 [INFO] Rule:228 - rule Change SMPSDivider Default Value is applicable
2023-07-26 18:19:54,357 [INFO] Rule:228 - rule OPAMP is applicable
2023-07-26 18:19:54,357 [INFO] Rule:228 - rule LPUART IPParameter rename Prescaler parameter to ClockPrescaler for STM32H7 is applicable
2023-07-26 18:19:54,357 [INFO] Rule:228 - rule LPUART IPParameter rename Prescaler parameter to ClockPrescaler for STM32H7 is applicable
2023-07-26 18:19:54,357 [INFO] Rule:228 - rule LPUART IPParameter rename Prescaler parameter to ClockPrescaler for STM32WB is applicable
2023-07-26 18:19:54,357 [INFO] Rule:228 - rule LPUART IPParameter rename Prescaler parameter to ClockPrescaler for STM32WB is applicable
2023-07-26 18:19:54,358 [INFO] Rule:228 - rule LPUART IPParameter rename Prescaler parameter to ClockPrescaler for STM32G4 is applicable
2023-07-26 18:19:54,358 [INFO] Rule:228 - rule LPUART IPParameter rename Prescaler parameter to ClockPrescaler for STM32G4 is applicable
2023-07-26 18:19:54,358 [INFO] Rule:228 - rule LPUART IPParameter rename Prescaler parameter to ClockPrescaler for STM32L5 is applicable
2023-07-26 18:19:54,358 [INFO] Rule:228 - rule LPUART IPParameter rename Prescaler parameter to ClockPrescaler for STM32L5 is applicable
2023-07-26 18:19:54,358 [INFO] Rule:228 - rule LPUART IPParameter rename Prescaler parameter to ClockPrescaler for STM32G4 is applicable
2023-07-26 18:19:54,358 [INFO] Rule:228 - rule LPUART IPParameter rename Prescaler parameter to ClockPrescaler for STM32G4 is applicable
2023-07-26 18:19:54,358 [INFO] Rule:228 - rule USB device lib V2.5.3 for L0 rename USBD_SUPPORT_USER_STRING parameter to USBD_SUPPORT_USER_STRING_DESC4 is applicable
2023-07-26 18:19:54,358 [INFO] Rule:228 - rule I2SCLockSelection clock entry align is applicable
2023-07-26 18:19:54,358 [INFO] Rule:228 - rule Assign TIMx context if used as SYS timebase is applicable
2023-07-26 18:19:54,358 [INFO] Rule:228 - rule Change GPIO_Pu Default Value for I2C is applicable
2023-07-26 18:19:54,358 [INFO] Rule:228 - rule Change GPIO_Pu Default Value for SMBus is applicable
2023-07-26 18:19:54,358 [INFO] Rule:228 - rule change FDCAN default value is applicable
2023-07-26 18:19:54,358 [INFO] Rule:228 - rule Change mode sai is applicable
2023-07-26 18:19:54,358 [INFO] Rule:228 - rule **Change sai mode is applicable
2023-07-26 18:19:54,368 [INFO] DbConfProperties:307 - Apply Compatibility (31/215 Rules)
2023-07-26 18:19:54,382 [INFO] ImportTextPane:194 - (OptionalMessage_ERROR) Unable to find key (Mcu.ThirdPartyNb) in loaded IOC file
2023-07-26 18:19:54,584 [INFO] RtosManager:555 - Registered RTOS mode: class=CMSIS, group=RTOS, mode=CMSIS_V1, owner=FREERTOS
2023-07-26 18:19:54,584 [INFO] RtosManager:555 - Registered RTOS mode: class=CMSIS, group=RTOS2, mode=CMSIS_V2, owner=FREERTOS
2023-07-26 18:19:54,584 [INFO] RtosManager:555 - Registered RTOS mode: class=RTOS, group=Core, mode=CMSIS_V1, owner=FREERTOS
2023-07-26 18:19:54,584 [INFO] RtosManager:555 - Registered RTOS mode: class=RTOS, group=Core, mode=CMSIS_V2, owner=FREERTOS
2023-07-26 18:19:54,585 [WARN] ModelIntegratedComponent:184 - Missing modes for component STMicroelectronics:FreeRTOS:0.0.1:STMicroelectronics:RTOS:FreeRTOS:Core:::10.2.0:
2023-07-26 18:19:54,596 [WARN] ModelIntegratedComponent:63 - No mode defined for component null
2023-07-26 18:19:54,596 [WARN] ModelIntegratedComponent:63 - No mode defined for component null
2023-07-26 18:19:54,596 [WARN] ModelIntegratedComponent:63 - No mode defined for component null
2023-07-26 18:19:54,597 [WARN] ModelIntegratedComponent:63 - No mode defined for component null
2023-07-26 18:19:54,597 [WARN] ModelIntegratedComponent:63 - No mode defined for component null
2023-07-26 18:19:54,597 [WARN] ModelIntegratedComponent:63 - No mode defined for component null
2023-07-26 18:19:54,597 [WARN] ModelIntegratedComponent:63 - No mode defined for component null
2023-07-26 18:19:54,597 [WARN] ModelIntegratedComponent:63 - No mode defined for component null
2023-07-26 18:19:54,597 [WARN] ModelIntegratedComponent:63 - No mode defined for component null
2023-07-26 18:19:54,597 [WARN] ModelIntegratedComponent:63 - No mode defined for component null
2023-07-26 18:19:54,597 [WARN] ModelIntegratedComponent:63 - No mode defined for component null
2023-07-26 18:19:54,597 [WARN] ModelIntegratedComponent:63 - No mode defined for component null
2023-07-26 18:19:54,597 [WARN] ModelIntegratedComponent:63 - No mode defined for component null
2023-07-26 18:19:54,597 [WARN] ModelIntegratedComponent:63 - No mode defined for component null
2023-07-26 18:19:54,597 [WARN] ModelIntegratedComponent:63 - No mode defined for component null
2023-07-26 18:19:54,597 [WARN] ModelIntegratedComponent:63 - No mode defined for component null
2023-07-26 18:19:54,597 [WARN] ModelIntegratedComponent:63 - No mode defined for component null
2023-07-26 18:19:54,597 [WARN] ModelIntegratedComponent:63 - No mode defined for component null
2023-07-26 18:19:54,597 [WARN] ModelIntegratedComponent:63 - No mode defined for component null
2023-07-26 18:19:54,597 [WARN] ModelIntegratedComponent:63 - No mode defined for component null
2023-07-26 18:19:54,597 [WARN] ModelIntegratedComponent:63 - No mode defined for component null
2023-07-26 18:19:54,597 [WARN] ModelIntegratedComponent:63 - No mode defined for component null
2023-07-26 18:19:54,597 [WARN] ModelIntegratedComponent:63 - No mode defined for component null
2023-07-26 18:19:54,597 [WARN] ModelIntegratedComponent:63 - No mode defined for component null
2023-07-26 18:19:54,597 [WARN] ModelIntegratedComponent:63 - No mode defined for component null
2023-07-26 18:19:54,597 [WARN] ModelIntegratedComponent:63 - No mode defined for component null
2023-07-26 18:19:54,597 [WARN] ModelIntegratedComponent:63 - No mode defined for component null
2023-07-26 18:19:54,597 [WARN] ModelIntegratedComponent:63 - No mode defined for component null
2023-07-26 18:19:54,597 [WARN] ModelIntegratedComponent:63 - No mode defined for component null
2023-07-26 18:19:54,597 [WARN] ModelIntegratedComponent:63 - No mode defined for component null
2023-07-26 18:19:54,597 [WARN] ModelIntegratedComponent:63 - No mode defined for component null
2023-07-26 18:19:54,597 [WARN] ModelIntegratedComponent:63 - No mode defined for component null
2023-07-26 18:19:54,597 [WARN] ModelIntegratedComponent:63 - No mode defined for component null
2023-07-26 18:19:54,625 [INFO] ThirdPartyModel:298 - Start build external matchings
2023-07-26 18:19:54,924 [INFO] ThirdPartyModel:316 - End build external matchings
2023-07-26 18:19:54,935 [INFO] ImportTextPane:194 - (OptionalMessage_ERROR) IP (ETH) : Invalid parameter (PHY_Name)
2023-07-26 18:19:54,935 [INFO] ImportTextPane:194 - (OptionalMessage_ERROR) IP (ETH) : Invalid parameter (PHY_Value)
2023-07-26 18:19:54,935 [INFO] ImportTextPane:194 - (OptionalMessage_ERROR) IP (ETH) : Invalid parameter (PhyAddress)
2023-07-26 18:19:54,937 [INFO] ImportTextPane:194 - (OptionalMessage_ERROR) IP (RCC) : Invalid parameter (ADC12outputFreq_Value)
2023-07-26 18:19:54,937 [INFO] ImportTextPane:194 - (OptionalMessage_ERROR) IP (RCC) : Invalid parameter (ADC34outputFreq_Value)
2023-07-26 18:19:54,937 [INFO] ImportTextPane:194 - (OptionalMessage_ERROR) IP (RCC) : Invalid parameter (FamilyName)
2023-07-26 18:19:54,937 [INFO] ImportTextPane:194 - (OptionalMessage_ERROR) IP (RCC) : Invalid parameter (I2C1Freq_Value)
2023-07-26 18:19:54,937 [INFO] ImportTextPane:194 - (OptionalMessage_ERROR) IP (RCC) : Invalid parameter (I2C2Freq_Value)
2023-07-26 18:19:54,937 [INFO] ImportTextPane:194 - (OptionalMessage_ERROR) IP (RCC) : Invalid parameter (I2C3Freq_Value)
2023-07-26 18:19:54,938 [INFO] ImportTextPane:194 - (OptionalMessage_ERROR) IP (RCC) : Parameter (MCO2PinFreq_Value) has invalid value (168000000)
2023-07-26 18:19:54,938 [INFO] ImportTextPane:194 - (OptionalMessage_ERROR) IP (RCC) : Invalid parameter (MCOFreq_Value)
2023-07-26 18:19:54,938 [INFO] ImportTextPane:194 - (OptionalMessage_ERROR) IP (RCC) : Invalid parameter (PLLMCOFreq_Value)
2023-07-26 18:19:54,938 [INFO] ImportTextPane:194 - (OptionalMessage_ERROR) IP (RCC) : Invalid parameter (PLLMUL)
2023-07-26 18:19:54,938 [INFO] ImportTextPane:194 - (OptionalMessage_ERROR) IP (RCC) : Invalid parameter (PRESCALERUSB)
2023-07-26 18:19:54,938 [INFO] ImportTextPane:194 - (OptionalMessage_ERROR) IP (RCC) : Parameter (RTCHSEDivFreq_Value) has invalid value (4000000)
2023-07-26 18:19:54,938 [INFO] ImportTextPane:194 - (OptionalMessage_ERROR) IP (RCC) : Invalid parameter (SYSCLKSourceVirtual)
2023-07-26 18:19:54,938 [INFO] ImportTextPane:194 - (OptionalMessage_ERROR) IP (RCC) : Invalid parameter (TIM15Freq_Value)
2023-07-26 18:19:54,938 [INFO] ImportTextPane:194 - (OptionalMessage_ERROR) IP (RCC) : Invalid parameter (TIM16Freq_Value)
2023-07-26 18:19:54,938 [INFO] ImportTextPane:194 - (OptionalMessage_ERROR) IP (RCC) : Invalid parameter (TIM17Freq_Value)
2023-07-26 18:19:54,938 [INFO] ImportTextPane:194 - (OptionalMessage_ERROR) IP (RCC) : Invalid parameter (TIM1Freq_Value)
2023-07-26 18:19:54,938 [INFO] ImportTextPane:194 - (OptionalMessage_ERROR) IP (RCC) : Invalid parameter (TIM20Freq_Value)
2023-07-26 18:19:54,938 [INFO] ImportTextPane:194 - (OptionalMessage_ERROR) IP (RCC) : Invalid parameter (TIM2Freq_Value)
2023-07-26 18:19:54,938 [INFO] ImportTextPane:194 - (OptionalMessage_ERROR) IP (RCC) : Invalid parameter (TIM3Freq_Value)
2023-07-26 18:19:54,938 [INFO] ImportTextPane:194 - (OptionalMessage_ERROR) IP (RCC) : Invalid parameter (TIM8Freq_Value)
2023-07-26 18:19:54,938 [INFO] ImportTextPane:194 - (OptionalMessage_ERROR) IP (RCC) : Invalid parameter (UART4Freq_Value)
2023-07-26 18:19:54,938 [INFO] ImportTextPane:194 - (OptionalMessage_ERROR) IP (RCC) : Invalid parameter (UART5Freq_Value)
2023-07-26 18:19:54,938 [INFO] ImportTextPane:194 - (OptionalMessage_ERROR) IP (RCC) : Invalid parameter (USART1Freq_Value)
2023-07-26 18:19:54,938 [INFO] ImportTextPane:194 - (OptionalMessage_ERROR) IP (RCC) : Invalid parameter (USART2Freq_Value)
2023-07-26 18:19:54,938 [INFO] ImportTextPane:194 - (OptionalMessage_ERROR) IP (RCC) : Invalid parameter (USART3Freq_Value)
2023-07-26 18:19:54,938 [INFO] ImportTextPane:194 - (OptionalMessage_ERROR) IP (RCC) : Invalid parameter (USBFreq_Value)
2023-07-26 18:19:54,939 [INFO] ImportTextPane:194 - (OptionalMessage_ERROR) IP (RCC) : Invalid parameter (VCOOutput2Freq_Value)
2023-07-26 18:19:55,261 [INFO] UtilMem:75 - End LoadConfig() Used Memory: 536497784 Bytes (1048576000)
2023-07-26 18:19:55,379 [WARN] ThirdParty:833 - waiting for thirdparty lock release [change project]
2023-07-26 18:19:55,379 [INFO] ThirdParty:835 - entering critical section [change project]
2023-07-26 18:19:55,379 [INFO] ThirdParty:1030 - CMSIS Pack Vendor :STMicroelectronics X-CUBE-ISPU 1.1.0
2023-07-26 18:19:55,380 [INFO] ThirdParty:1030 - CMSIS Pack Vendor :STMicroelectronics USBPD 4.1
2023-07-26 18:19:55,380 [INFO] ThirdParty:1030 - CMSIS Pack Vendor :STMicroelectronics X-CUBE-GNSS1 6.0.0
2023-07-26 18:19:55,380 [INFO] ThirdParty:1030 - CMSIS Pack Vendor :STMicroelectronics USB_HOST 2.0.0
2023-07-26 18:19:55,380 [INFO] ThirdParty:1030 - CMSIS Pack Vendor :STMicroelectronics X-CUBE-AZRTOS-F4 1.1.0
2023-07-26 18:19:55,380 [INFO] ThirdParty:1030 - CMSIS Pack Vendor :STMicroelectronics LIBJPEG 8.0.0
2023-07-26 18:19:55,380 [INFO] ThirdParty:1030 - CMSIS Pack Vendor :STMicroelectronics X-CUBE-SMBUS 2.1.0
2023-07-26 18:19:55,380 [INFO] ThirdParty:1030 - CMSIS Pack Vendor :wolfSSL I-CUBE-wolfSSL 5.6.0
2023-07-26 18:19:55,380 [INFO] ThirdParty:1030 - CMSIS Pack Vendor :STMicroelectronics USB_DEVICE 3.0.0
2023-07-26 18:19:55,380 [INFO] ThirdParty:1030 - CMSIS Pack Vendor :STMicroelectronics X-CUBE-FREERTOS 1.0.1
2023-07-26 18:19:55,380 [INFO] ThirdParty:1030 - CMSIS Pack Vendor :STMicroelectronics X-CUBE-AZRTOS-F7 1.1.0
2023-07-26 18:19:55,380 [INFO] ThirdParty:1030 - CMSIS Pack Vendor :STMicroelectronics X-CUBE-TOUCHGFX 4.21.4
2023-07-26 18:19:55,380 [INFO] ThirdParty:1030 - CMSIS Pack Vendor :STMicroelectronics USB_DEVICE 2.0.0
2023-07-26 18:19:55,380 [INFO] ThirdParty:1030 - CMSIS Pack Vendor :STMicroelectronics X-CUBE-MEMS1 9.6.0
2023-07-26 18:19:55,380 [INFO] ThirdParty:1030 - CMSIS Pack Vendor :STMicroelectronics FP-SNS-MOTENV1 4.3.0
2023-07-26 18:19:55,380 [INFO] ThirdParty:1030 - CMSIS Pack Vendor :STMicroelectronics FP-SNS-MOTENV1 4.3.2
2023-07-26 18:19:55,380 [INFO] ThirdParty:1030 - CMSIS Pack Vendor :STMicroelectronics FP-SNS-FLIGHT1 5.0.0
2023-07-26 18:19:55,380 [INFO] ThirdParty:1030 - CMSIS Pack Vendor :STMicroelectronics FP-SNS-MOTENV1 4.3.1
2023-07-26 18:19:55,380 [INFO] ThirdParty:1030 - CMSIS Pack Vendor :STMicroelectronics FP-SNS-FLIGHT1 5.0.1
2023-07-26 18:19:55,380 [INFO] ThirdParty:1030 - CMSIS Pack Vendor :STMicroelectronics X-CUBE-ALGOBUILD 1.3.0
2023-07-26 18:19:55,380 [INFO] ThirdParty:1030 - CMSIS Pack Vendor :STMicroelectronics X-CUBE-BLE1 6.2.4
2023-07-26 18:19:55,380 [INFO] ThirdParty:1030 - CMSIS Pack Vendor :STMicroelectronics X-CUBE-AZRTOS-L5 1.1.0
2023-07-26 18:19:55,380 [INFO] ThirdParty:1030 - CMSIS Pack Vendor :STMicroelectronics FreeRTOS 0.0.1
2023-07-26 18:19:55,380 [INFO] ThirdParty:1030 - CMSIS Pack Vendor :STMicroelectronics X-CUBE-AZRTOS-G0 1.1.0
2023-07-26 18:19:55,380 [INFO] ThirdParty:1030 - CMSIS Pack Vendor :emotas I-CUBE-CANOPEN 1.1.3
2023-07-26 18:19:55,380 [INFO] ThirdParty:1030 - CMSIS Pack Vendor :STMicroelectronics X-CUBE-BLEMGR 2.0.0
2023-07-26 18:19:55,380 [INFO] ThirdParty:1030 - CMSIS Pack Vendor :STMicroelectronics X-CUBE-AI 8.0.1
2023-07-26 18:19:55,380 [INFO] ThirdParty:1030 - CMSIS Pack Vendor :STMicroelectronics X-CUBE-NFC4 3.0.0
2023-07-26 18:19:55,380 [INFO] ThirdParty:1030 - CMSIS Pack Vendor :STMicroelectronics X-CUBE-SUBG2 5.0.0
2023-07-26 18:19:55,380 [INFO] ThirdParty:1030 - CMSIS Pack Vendor :STMicroelectronics STM32_WPAN 1.0.0
2023-07-26 18:19:55,380 [INFO] ThirdParty:1030 - CMSIS Pack Vendor :STMicroelectronics lwIP 2.0.3
2023-07-26 18:19:55,380 [INFO] ThirdParty:1030 - CMSIS Pack Vendor :STMicroelectronics FP-SNS-FLIGHT1 5.0.2
2023-07-26 18:19:55,380 [INFO] ThirdParty:1030 - CMSIS Pack Vendor :STMicroelectronics USB_HOST 1.0.0
2023-07-26 18:19:55,380 [INFO] ThirdParty:1030 - CMSIS Pack Vendor :STMicroelectronics X-CUBE-TOF1 3.3.1
2023-07-26 18:19:55,381 [INFO] ThirdParty:1030 - CMSIS Pack Vendor :STMicroelectronics X-CUBE-AZRTOS-G4 2.0.0
2023-07-26 18:19:55,381 [INFO] ThirdParty:1030 - CMSIS Pack Vendor :STMicroelectronics PDM2PCM 3.1.0
2023-07-26 18:19:55,381 [INFO] ThirdParty:1030 - CMSIS Pack Vendor :STMicroelectronics X-CUBE-AZRTOS-H7 3.1.0
2023-07-26 18:19:55,381 [INFO] ThirdParty:1030 - CMSIS Pack Vendor :STMicroelectronics X-CUBE-TOF1 3.3.0
2023-07-26 18:19:55,381 [INFO] ThirdParty:1030 - CMSIS Pack Vendor :STMicroelectronics PDM2PCM 3.3.0
2023-07-26 18:19:55,381 [INFO] ThirdParty:1030 - CMSIS Pack Vendor :STMicroelectronics X-CUBE-DISPLAY 3.0.0
2023-07-26 18:19:55,381 [INFO] ThirdParty:1030 - CMSIS Pack Vendor :STMicroelectronics FP-ATR-SIGFOX1 3.2.0
2023-07-26 18:19:55,381 [INFO] ThirdParty:1030 - CMSIS Pack Vendor :STMicroelectronics X-CUBE-AZRTOS-L4 1.0.0
2023-07-26 18:19:55,381 [INFO] ThirdParty:1030 - CMSIS Pack Vendor :STMicroelectronics HAL Drivers 0.0.0
2023-07-26 18:19:55,381 [INFO] ThirdParty:1030 - CMSIS Pack Vendor :STMicroelectronics MBEDTLS 2.16.2
2023-07-26 18:19:55,381 [INFO] ThirdParty:1030 - CMSIS Pack Vendor :STMicroelectronics X-CUBE-TOUCHGFX 4.22.0
2023-07-26 18:19:55,381 [INFO] ThirdParty:1030 - CMSIS Pack Vendor :STMicroelectronics X-CUBE-NFC7 1.0.1
2023-07-26 18:19:55,381 [INFO] ThirdParty:1030 - CMSIS Pack Vendor :STMicroelectronics MBEDTLS 2.14.1
2023-07-26 18:19:55,381 [INFO] ThirdParty:1030 - CMSIS Pack Vendor :STMicroelectronics X-CUBE-NFC7 1.0.0
2023-07-26 18:19:55,381 [INFO] ThirdParty:1030 - CMSIS Pack Vendor :STMicroelectronics X-CUBE-AZRTOS-WL 1.0.0
2023-07-26 18:19:55,381 [INFO] ThirdParty:1030 - CMSIS Pack Vendor :STMicroelectronics X-CUBE-EEPRMA1 4.1.0
2023-07-26 18:19:55,381 [INFO] ThirdParty:1030 - CMSIS Pack Vendor :portGmbH I-Cube-SoM-uGOAL 1.1.0
2023-07-26 18:19:55,381 [INFO] ThirdParty:1030 - CMSIS Pack Vendor :STMicroelectronics X-CUBE-ALS 1.0.1
2023-07-26 18:19:55,381 [INFO] ThirdParty:1030 - CMSIS Pack Vendor :STMicroelectronics ThreadX 1.0.0
2023-07-26 18:19:55,381 [INFO] ThirdParty:1030 - CMSIS Pack Vendor :STMicroelectronics X-CUBE-AZRTOS-WB 1.1.0
2023-07-26 18:19:55,381 [INFO] ThirdParty:1030 - CMSIS Pack Vendor :STMicroelectronics X-CUBE-AZRTOS-WL 2.0.0
2023-07-26 18:19:55,381 [INFO] ThirdParty:1030 - CMSIS Pack Vendor :SEGGER I-CUBE-embOS 1.3.1
2023-07-26 18:19:55,381 [INFO] ThirdParty:1030 - CMSIS Pack Vendor :STMicroelectronics USB_DEVICE 1.0.0
2023-07-26 18:19:55,381 [INFO] ThirdParty:1030 - CMSIS Pack Vendor :STMicroelectronics X-CUBE-AZRTOS-L4 2.0.0
2023-07-26 18:19:55,381 [INFO] ThirdParty:1030 - CMSIS Pack Vendor :STMicroelectronics ThreadX 0.0.2
2023-07-26 18:19:55,381 [INFO] ThirdParty:1030 - CMSIS Pack Vendor :WES I-CUBE-Cesium 1.3.0
2023-07-26 18:19:55,381 [INFO] ThirdParty:1030 - CMSIS Pack Vendor :STMicroelectronics FP-ATR-ASTRA1 2.0.0
2023-07-26 18:19:55,381 [INFO] ThirdParty:1030 - CMSIS Pack Vendor :STMicroelectronics lwIP 2.1.2
2023-07-26 18:19:55,381 [INFO] ThirdParty:1030 - CMSIS Pack Vendor :STMicroelectronics X-CUBE-SFXS2LP1 4.0.0
2023-07-26 18:19:55,381 [INFO] ThirdParty:1030 - CMSIS Pack Vendor :STMicroelectronics X-CUBE-BLE2 3.3.0
2023-07-26 18:19:55,381 [INFO] ThirdParty:1030 - CMSIS Pack Vendor :STMicroelectronics PDM2PCM 3.2.0
2023-07-26 18:19:55,381 [INFO] ThirdParty:841 - exiting critical section [change project]
2023-07-26 18:19:55,823 [INFO] PinOutPanel:1499 - setPackage(No Configuration,No Configuration)
2023-07-26 18:19:55,824 [INFO] PinOutPanel:1499 - setPackage(STM32F429ZITx,LQFP144)
2023-07-26 18:19:56,359 [INFO] UtilMem:75 - Before build in PCC Used Memory: 620628312 Bytes (1048576000)
2023-07-26 18:19:57,213 [INFO] UtilMem:75 - After build in PCC Used Memory: 760088920 Bytes (1048576000)
2023-07-26 18:19:57,245 [INFO] IPUIPlugin:80 - create IPUIPlugin
2023-07-26 18:19:57,246 [INFO] IPUIPlugin:80 - create IPUIPlugin
2023-07-26 18:19:57,246 [INFO] IPUIPlugin:80 - create IPUIPlugin
2023-07-26 18:19:57,246 [INFO] IPUIPlugin:80 - create IPUIPlugin
2023-07-26 18:19:57,246 [INFO] IPUIPlugin:80 - create IPUIPlugin
2023-07-26 18:19:57,246 [INFO] IPUIPlugin:80 - create IPUIPlugin
2023-07-26 18:19:57,246 [INFO] IPUIPlugin:80 - create IPUIPlugin
2023-07-26 18:19:57,246 [INFO] IPUIPlugin:80 - create IPUIPlugin
2023-07-26 18:19:57,246 [INFO] IPUIPlugin:80 - create IPUIPlugin
2023-07-26 18:19:57,246 [INFO] IPUIPlugin:80 - create IPUIPlugin
2023-07-26 18:19:57,246 [INFO] IPUIPlugin:80 - create IPUIPlugin
2023-07-26 18:19:57,246 [INFO] IPUIPlugin:80 - create IPUIPlugin
2023-07-26 18:19:57,246 [INFO] IPUIPlugin:80 - create IPUIPlugin
2023-07-26 18:19:57,247 [INFO] IPUIPlugin:80 - create IPUIPlugin
2023-07-26 18:19:57,247 [INFO] IPUIPlugin:80 - create IPUIPlugin
2023-07-26 18:19:57,247 [INFO] IPUIPlugin:80 - create IPUIPlugin
2023-07-26 18:19:57,247 [INFO] IPUIPlugin:80 - create IPUIPlugin
2023-07-26 18:19:57,247 [INFO] IPUIPlugin:80 - create IPUIPlugin
2023-07-26 18:19:57,247 [INFO] IPUIPlugin:80 - create IPUIPlugin
2023-07-26 18:19:57,247 [INFO] IPUIPlugin:80 - create IPUIPlugin
2023-07-26 18:19:57,248 [INFO] IPUIPlugin:80 - create IPUIPlugin
2023-07-26 18:19:57,248 [INFO] IPUIPlugin:80 - create IPUIPlugin
2023-07-26 18:19:57,248 [INFO] IPUIPlugin:80 - create IPUIPlugin
2023-07-26 18:19:57,248 [INFO] IPUIPlugin:80 - create IPUIPlugin
2023-07-26 18:19:57,249 [INFO] IPUIPlugin:80 - create IPUIPlugin
2023-07-26 18:19:57,249 [INFO] IPUIPlugin:80 - create IPUIPlugin
2023-07-26 18:19:57,249 [INFO] IPUIPlugin:80 - create IPUIPlugin
2023-07-26 18:19:57,249 [INFO] IPUIPlugin:80 - create IPUIPlugin
2023-07-26 18:19:57,250 [INFO] IPUIPlugin:80 - create IPUIPlugin
2023-07-26 18:19:57,250 [INFO] IPUIPlugin:80 - create IPUIPlugin
2023-07-26 18:19:57,250 [INFO] IPUIPlugin:80 - create IPUIPlugin
2023-07-26 18:19:57,250 [INFO] IPUIPlugin:80 - create IPUIPlugin
2023-07-26 18:19:57,250 [INFO] IPUIPlugin:80 - create IPUIPlugin
2023-07-26 18:19:57,250 [INFO] IPUIPlugin:80 - create IPUIPlugin
2023-07-26 18:19:57,250 [INFO] IPUIPlugin:80 - create IPUIPlugin
2023-07-26 18:19:57,250 [INFO] IPUIPlugin:80 - create IPUIPlugin
2023-07-26 18:19:57,250 [INFO] IPUIPlugin:80 - create IPUIPlugin
2023-07-26 18:19:57,250 [INFO] IPUIPlugin:80 - create IPUIPlugin
2023-07-26 18:19:57,250 [INFO] IPUIPlugin:80 - create IPUIPlugin
2023-07-26 18:19:57,252 [INFO] IPUIPlugin:80 - create IPUIPlugin
2023-07-26 18:19:57,252 [INFO] IPUIPlugin:80 - create IPUIPlugin
2023-07-26 18:19:57,252 [INFO] IPUIPlugin:80 - create IPUIPlugin
2023-07-26 18:19:57,252 [INFO] IPUIPlugin:80 - create IPUIPlugin
2023-07-26 18:19:57,252 [INFO] IPUIPlugin:80 - create IPUIPlugin
2023-07-26 18:19:57,252 [INFO] IPUIPlugin:80 - create IPUIPlugin
2023-07-26 18:19:57,252 [INFO] IPUIPlugin:80 - create IPUIPlugin
2023-07-26 18:19:57,253 [INFO] IPUIPlugin:80 - create IPUIPlugin
2023-07-26 18:19:57,253 [INFO] IPUIPlugin:80 - create IPUIPlugin
2023-07-26 18:19:57,253 [INFO] IPUIPlugin:80 - create IPUIPlugin
2023-07-26 18:19:57,253 [INFO] IPUIPlugin:80 - create IPUIPlugin
2023-07-26 18:19:57,253 [INFO] IPUIPlugin:80 - create IPUIPlugin
2023-07-26 18:19:57,253 [INFO] IPUIPlugin:80 - create IPUIPlugin
2023-07-26 18:19:57,254 [INFO] IPUIPlugin:80 - create IPUIPlugin
2023-07-26 18:19:57,254 [INFO] IPUIPlugin:80 - create IPUIPlugin
2023-07-26 18:19:57,254 [INFO] IPUIPlugin:80 - create IPUIPlugin
2023-07-26 18:19:57,254 [INFO] IPUIPlugin:80 - create IPUIPlugin
2023-07-26 18:19:57,254 [INFO] IPUIPlugin:80 - create IPUIPlugin
2023-07-26 18:19:57,255 [INFO] IPUIPlugin:80 - create IPUIPlugin
2023-07-26 18:19:57,255 [INFO] IPUIPlugin:80 - create IPUIPlugin
2023-07-26 18:19:57,255 [INFO] IPUIPlugin:80 - create IPUIPlugin
2023-07-26 18:19:57,255 [INFO] IPUIPlugin:80 - create IPUIPlugin
2023-07-26 18:19:57,256 [INFO] IPUIPlugin:80 - create IPUIPlugin
2023-07-26 18:19:57,257 [INFO] IPUIPlugin:80 - create IPUIPlugin
2023-07-26 18:19:57,258 [INFO] IPUIPlugin:80 - create IPUIPlugin
2023-07-26 18:19:57,258 [INFO] IPUIPlugin:80 - create IPUIPlugin
2023-07-26 18:19:57,259 [INFO] IPUIPlugin:80 - create IPUIPlugin
2023-07-26 18:19:57,351 [INFO] ApiDbMcu:507 - Load IP Config File for PDM2PCM
2023-07-26 18:19:57,663 [INFO] CADModel:165 - CPN selected for project levelSTM32F429ZIT6
2023-07-26 18:19:57,664 [INFO] CADModel:114 - Register for checkConnection events
2023-07-26 18:19:57,706 [INFO] OpenFileManager:328 - Restore cursor
2023-07-26 18:19:58,459 [INFO] UtilMem:75 - End SaveConfig() Used Memory: 779563512 Bytes (1048576000)
2023-07-26 18:19:58,539 [INFO] UtilMem:75 - End SaveConfig() Used Memory: 805775144 Bytes (1048576000)
2023-07-26 18:19:59,067 [INFO] BlockDiagram:2759 - set Specific Code input for plugin: SYS
2023-07-26 18:19:59,068 [INFO] BlockDiagram:2759 - set Specific Code input for plugin: RCC
2023-07-26 18:19:59,068 [INFO] BlockDiagram:2759 - set Specific Code input for plugin: USB_OTG_FS
2023-07-26 18:19:59,068 [INFO] BlockDiagram:2759 - set Specific Code input for plugin: NVIC
2023-07-26 18:19:59,068 [INFO] BlockDiagram:2759 - set Specific Code input for plugin: USART
2023-07-26 18:19:59,069 [INFO] BlockDiagram:2759 - set Specific Code input for plugin: GPIO
2023-07-26 18:19:59,069 [INFO] BlockDiagram:2759 - set Specific Code input for plugin: ETH
2023-07-26 18:19:59,070 [INFO] CodeGenerator:799 - code generatio: config db path: C:\ST\STM32CubeIDE_1.12.1\STM32CubeIDE\plugins\com.st.stm32cube.common.mx_6.9.0.202307051724\\db\
2023-07-26 18:19:59,387 [INFO] CodeEngine:255 - oldGeneratedFile, C:\Users\ipave\Documentos\GitHub\Doxy\Doxy\MXTmpFiles\license.tmp_save
2023-07-26 18:19:59,771 [INFO] CodeEngine:279 - Generated code: C:\Users\ipave\Documentos\GitHub\Doxy\Doxy\MXTmpFiles\license.tmp
2023-07-26 18:19:59,851 [INFO] CodeEngine:255 - oldGeneratedFile, C:\Users\ipave\Documentos\GitHub\Doxy\Doxy\MXTmpFiles\gpio.tmp_save
2023-07-26 18:20:00,049 [INFO] CodeEngine:279 - Generated code: C:\Users\ipave\Documentos\GitHub\Doxy\Doxy\MXTmpFiles\gpio.tmp
2023-07-26 18:20:00,242 [WARN] IPConfigManager:2937 - Warning: the RefConfig PWREx_EnableUSBVoltageDetector is not available in your config.xml file
2023-07-26 18:20:00,265 [INFO] CodeEngine:255 - oldGeneratedFile, C:\Users\ipave\Documentos\GitHub\Doxy\Doxy\Core\Src\stm32f4xx_it.c_save
2023-07-26 18:20:00,464 [INFO] CodeEngine:279 - Generated code: C:\Users\ipave\Documentos\GitHub\Doxy\Doxy\Core\Src\stm32f4xx_it.c
2023-07-26 18:20:00,472 [INFO] CodeEngine:255 - oldGeneratedFile, C:\Users\ipave\Documentos\GitHub\Doxy\Doxy\Core\Inc\stm32f4xx_it.h_save
2023-07-26 18:20:00,596 [INFO] CodeEngine:279 - Generated code: C:\Users\ipave\Documentos\GitHub\Doxy\Doxy\Core\Inc\stm32f4xx_it.h
2023-07-26 18:20:00,609 [INFO] CodeEngine:255 - oldGeneratedFile, C:\Users\ipave\Documentos\GitHub\Doxy\Doxy\Core\Src\stm32f4xx_hal_msp.c_save
2023-07-26 18:20:00,850 [INFO] CodeEngine:279 - Generated code: C:\Users\ipave\Documentos\GitHub\Doxy\Doxy\Core\Src\stm32f4xx_hal_msp.c
2023-07-26 18:20:00,862 [INFO] CodeEngine:255 - oldGeneratedFile, C:\Users\ipave\Documentos\GitHub\Doxy\Doxy\MXTmpFiles\system.tmp_save
2023-07-26 18:20:00,905 [INFO] CodeEngine:279 - Generated code: C:\Users\ipave\Documentos\GitHub\Doxy\Doxy\MXTmpFiles\system.tmp
2023-07-26 18:20:00,912 [INFO] CodeEngine:311 - oldGeneratedFile, C:\Users\ipave\Documentos\GitHub\Doxy\Doxy\Core\Inc\stm32f4xx_hal_conf.h_save
2023-07-26 18:20:01,054 [INFO] CodeEngine:335 - Generated code: C:\Users\ipave\Documentos\GitHub\Doxy\Doxy\Core\Inc\stm32f4xx_hal_conf.h
2023-07-26 18:20:01,092 [WARN] IPConfigManager:3431 - IP not found : USB_OTG
2023-07-26 18:20:01,093 [WARN] CodeGenerator:3760 - IP not found : null
2023-07-26 18:20:01,101 [INFO] CodeEngine:255 - oldGeneratedFile, C:\Users\ipave\Documentos\GitHub\Doxy\Doxy\Core\Inc\main.h_save
2023-07-26 18:20:01,193 [INFO] CodeEngine:279 - Generated code: C:\Users\ipave\Documentos\GitHub\Doxy\Doxy\Core\Inc\main.h
2023-07-26 18:20:01,195 [INFO] CodeEngine:255 - oldGeneratedFile, C:\Users\ipave\Documentos\GitHub\Doxy\Doxy\Core\Src\main.c_save
2023-07-26 18:20:01,406 [INFO] CodeEngine:279 - Generated code: C:\Users\ipave\Documentos\GitHub\Doxy\Doxy\Core\Src\main.c
2023-07-26 18:20:01,865 [INFO] ProjectBuilder:3064 - Time for Copy HAL[1] : 134mS.
2023-07-26 18:20:01,871 [INFO] ProjectBuilder:4404 - Project Generator version: 4.1.0
2023-07-26 18:20:02,060 [INFO] ConfigFileManager:1457 - The Die is : DIE419
2023-07-26 18:20:02,068 [INFO] ApiDbMcu:507 - Load IP Config File for FATFS
2023-07-26 18:20:02,075 [INFO] ApiDbMcu:507 - Load IP Config File for FREERTOS
2023-07-26 18:20:02,077 [INFO] ApiDbMcu:507 - Load IP Config File for LIBJPEG
2023-07-26 18:20:02,081 [INFO] ApiDbMcu:507 - Load IP Config File for LWIP
2023-07-26 18:20:02,086 [INFO] ApiDbMcu:507 - Load IP Config File for MBEDTLS
2023-07-26 18:20:02,092 [INFO] ApiDbMcu:507 - Load IP Config File for USB_DEVICE
2023-07-26 18:20:02,096 [INFO] ApiDbMcu:507 - Load IP Config File for USB_HOST
2023-07-26 18:20:02,746 [INFO] LogOutputStream:77 - [STDOUT_REDIRECT] 
2023-07-26 18:20:04,324 [INFO] ProjectBuilder:4626 - Time for Generating toolchain IDE Files: 2453mS.
2023-07-26 18:20:04,325 [INFO] ProjectBuilder:2935 - Time for Copy CMSIS : 0mS.
2023-07-26 18:20:04,326 [INFO] ProjectBuilder:2935 - Time for Copy CMSIS : 0mS.
2023-07-26 18:20:05,143 [INFO] McuFinderGlobals:76 - Set McuFinderConnectedMode to true
2023-07-26 18:20:05,151 [INFO] ApiDb:448 - Save user favorites file C:\Users\ipave/.stm32cubeide/favorites.mcus.txt: 0 item(s)
2023-07-26 18:20:05,152 [INFO] ApiDb:452 - User favorites MCUs=[]
2023-07-26 18:20:05,153 [INFO] ApiDb:448 - Save user favorites file C:\Users\ipave/.stm32cubeide/favorites.boards.txt: 0 item(s)
2023-07-26 18:20:05,153 [INFO] ApiDb:452 - User favorites Boards=[]
